[2020-05-08 13:34:59.833] [exthost] [info] extension host started
[2020-05-08 13:34:59.937] [exthost] [info] ExtensionService#_doActivateExtension vscode.emmet {"startup":false,"extensionId":{"value":"vscode.emmet","_lower":"vscode.emmet"},"activationEvent":"onLanguage:html"}
[2020-05-08 13:34:59.937] [exthost] [info] ExtensionService#loadCommonJSModule file:///snap/code/32/usr/share/code/resources/app/extensions/emmet/dist/extension
[2020-05-08 13:34:59.977] [exthost] [info] ExtensionService#_doActivateExtension vscode.html-language-features {"startup":false,"extensionId":{"value":"vscode.html-language-features","_lower":"vscode.html-language-features"},"activationEvent":"onLanguage:html"}
[2020-05-08 13:34:59.977] [exthost] [info] ExtensionService#loadCommonJSModule file:///snap/code/32/usr/share/code/resources/app/extensions/html-language-features/client/dist/htmlMain
[2020-05-08 13:35:00.016] [exthost] [info] ExtensionService#_doActivateExtension vscode.debug-auto-launch {"startup":true,"extensionId":{"value":"vscode.debug-auto-launch","_lower":"vscode.debug-auto-launch"},"activationEvent":"*"}
[2020-05-08 13:35:00.016] [exthost] [info] ExtensionService#loadCommonJSModule file:///snap/code/32/usr/share/code/resources/app/extensions/debug-auto-launch/dist/extension
[2020-05-08 13:35:00.021] [exthost] [info] ExtensionService#_doActivateExtension vscode.git {"startup":true,"extensionId":{"value":"vscode.git","_lower":"vscode.git"},"activationEvent":"*"}
[2020-05-08 13:35:00.021] [exthost] [info] ExtensionService#loadCommonJSModule file:///snap/code/32/usr/share/code/resources/app/extensions/git/dist/main
[2020-05-08 13:35:00.122] [exthost] [info] ExtensionService#_doActivateExtension vscode.github-authentication {"startup":true,"extensionId":{"value":"vscode.github-authentication","_lower":"vscode.github-authentication"},"activationEvent":"*"}
[2020-05-08 13:35:00.122] [exthost] [info] ExtensionService#loadCommonJSModule file:///snap/code/32/usr/share/code/resources/app/extensions/github-authentication/dist/extension.js
[2020-05-08 13:35:00.142] [exthost] [info] ExtensionService#_doActivateExtension vscode.merge-conflict {"startup":true,"extensionId":{"value":"vscode.merge-conflict","_lower":"vscode.merge-conflict"},"activationEvent":"*"}
[2020-05-08 13:35:00.143] [exthost] [info] ExtensionService#loadCommonJSModule file:///snap/code/32/usr/share/code/resources/app/extensions/merge-conflict/dist/extension
[2020-05-08 13:35:00.147] [exthost] [info] ExtensionService#_doActivateExtension vscode.search-result {"startup":true,"extensionId":{"value":"vscode.search-result","_lower":"vscode.search-result"},"activationEvent":"*"}
[2020-05-08 13:35:00.147] [exthost] [info] ExtensionService#loadCommonJSModule file:///snap/code/32/usr/share/code/resources/app/extensions/search-result/dist/extension.js
[2020-05-08 13:35:00.150] [exthost] [info] ExtensionService#_doActivateExtension vscode.vscode-account {"startup":true,"extensionId":{"value":"vscode.vscode-account","_lower":"vscode.vscode-account"},"activationEvent":"*"}
[2020-05-08 13:35:00.150] [exthost] [info] ExtensionService#loadCommonJSModule file:///snap/code/32/usr/share/code/resources/app/extensions/vscode-account/dist/extension.js
[2020-05-08 13:35:00.173] [exthost] [info] ExtensionService#_doActivateExtension vscode.npm {"startup":true,"extensionId":{"value":"vscode.npm","_lower":"vscode.npm"},"activationEvent":"workspaceContains:package.json"}
[2020-05-08 13:35:00.173] [exthost] [info] ExtensionService#loadCommonJSModule file:///snap/code/32/usr/share/code/resources/app/extensions/npm/dist/main
[2020-05-08 13:35:00.305] [exthost] [info] eager extensions activated
[2020-05-08 14:34:08.133] [exthost] [info] ExtensionService#_doActivateExtension vscode.extension-editing {"startup":false,"extensionId":{"value":"vscode.extension-editing","_lower":"vscode.extension-editing"},"activationEvent":"onLanguage:typescript"}
[2020-05-08 14:34:08.134] [exthost] [info] ExtensionService#loadCommonJSModule file:///snap/code/32/usr/share/code/resources/app/extensions/extension-editing/dist/extension
[2020-05-08 14:34:08.177] [exthost] [info] ExtensionService#_doActivateExtension vscode.typescript-language-features {"startup":false,"extensionId":{"value":"vscode.typescript-language-features","_lower":"vscode.typescript-language-features"},"activationEvent":"onLanguage:typescript"}
[2020-05-08 14:34:08.178] [exthost] [info] ExtensionService#loadCommonJSModule file:///snap/code/32/usr/share/code/resources/app/extensions/typescript-language-features/dist/extension
[2020-05-08 14:34:08.232] [exthost] [info] ExtensionService#_doActivateExtension steoates.autoimport {"startup":false,"extensionId":{"value":"steoates.autoimport","_lower":"steoates.autoimport"},"activationEvent":"onLanguage:typescript"}
[2020-05-08 14:34:08.232] [exthost] [info] ExtensionService#loadCommonJSModule file:///home/mahi/.vscode/extensions/steoates.autoimport-1.5.3/out/src/extension
[2020-05-08 14:34:22.021] [exthost] [info] ExtensionService#_doActivateExtension vscode.configuration-editing {"startup":false,"extensionId":{"value":"vscode.configuration-editing","_lower":"vscode.configuration-editing"},"activationEvent":"onLanguage:jsonc"}
[2020-05-08 14:34:22.023] [exthost] [info] ExtensionService#loadCommonJSModule file:///snap/code/32/usr/share/code/resources/app/extensions/configuration-editing/dist/extension
[2020-05-08 14:34:22.031] [exthost] [info] ExtensionService#_doActivateExtension vscode.json-language-features {"startup":false,"extensionId":{"value":"vscode.json-language-features","_lower":"vscode.json-language-features"},"activationEvent":"onLanguage:jsonc"}
[2020-05-08 14:34:22.032] [exthost] [info] ExtensionService#loadCommonJSModule file:///snap/code/32/usr/share/code/resources/app/extensions/json-language-features/client/dist/jsonMain
[2020-05-08 14:40:07.747] [exthost] [info] [vscode.typescript-language-features] UNSAVE result from 'resolveCompletionItem', extension SHOULD NOT change any of: additionalTextEdits, or command
[2020-05-08 15:21:54.190] [exthost] [error] [vscode.typescript-language-features] provider FAILED
[2020-05-08 15:21:54.217] [exthost] [error] Error: DisposableStore is missing...
	at U._convertCompletionItem (/snap/code/32/usr/share/code/resources/app/out/vs/workbench/services/extensions/node/extensionHostProcess.js:677:574)
	at U.resolveCompletionItem (/snap/code/32/usr/share/code/resources/app/out/vs/workbench/services/extensions/node/extensionHostProcess.js:677:354)
	at processTicksAndRejections (internal/process/task_queues.js:85:5)
