Looking for git in: git
Using git 2.17.1 from git
> git rev-parse --show-toplevel
> git rev-parse --git-dir
Open repository: /home/mahi/Desktop/REVAL_M
> git fetch
> git status -z -u
> git symbolic-ref --short HEAD
> git rev-parse development
> git rev-parse --symbolic-full-name development@{u}
> git rev-list --left-right development...refs/remotes/origin/development
> git for-each-ref --format %(refname) %(objectname) --sort -committerdate
> git remote --verbose
Failed to watch ref '/home/mahi/Desktop/REVAL_M/.git/refs/remotes/origin/development', is most likely packed.
Error: ENOENT: no such file or directory, watch '/home/mahi/Desktop/REVAL_M/.git/refs/remotes/origin/development'
	at FSWatcher.start (internal/fs/watchers.js:165:26)
	at Object.watch (fs.js:1270:11)
	at Object.t.watch (/snap/code/32/usr/share/code/resources/app/extensions/git/dist/main.js:1:604919)
	at T.updateTransientWatchers (/snap/code/32/usr/share/code/resources/app/extensions/git/dist/main.js:1:83965)
	at e.fire (/snap/code/32/usr/share/code/resources/app/out/vs/workbench/services/extensions/node/extensionHostProcess.js:46:87)
	at e.updateModelState (/snap/code/32/usr/share/code/resources/app/extensions/git/dist/main.js:1:103179)
> git config --get commit.template
> git show :src/main/webapp/app/entities/lookup-types/lookups.component.html
> git ls-files --stage -- /home/mahi/Desktop/REVAL_M/src/main/webapp/app/entities/lookup-types/lookups.component.html
> git check-ignore -v -z --stdin
> git ls-files --stage -- /home/mahi/Desktop/REVAL_M/src/main/webapp/app/entities/lookup-types/lookups.component.html
> git show :src/main/webapp/app/entities/lookup-types/lookups.component.html
Missing or invalid credentials.
Skip silent fetch commands
Missing or invalid credentials.
Skip silent fetch commands
remote: Repository not found.
fatal: Authentication failed for 'https://github.com/Onestart-Solutions/REVAL_M.git/'
> git status -z -u
> git symbolic-ref --short HEAD
> git rev-parse development
> git rev-parse --symbolic-full-name development@{u}
> git rev-list --left-right development...refs/remotes/origin/development
> git for-each-ref --format %(refname) %(objectname) --sort -committerdate
> git remote --verbose
Failed to watch ref '/home/mahi/Desktop/REVAL_M/.git/refs/remotes/origin/development', is most likely packed.
Error: ENOENT: no such file or directory, watch '/home/mahi/Desktop/REVAL_M/.git/refs/remotes/origin/development'
	at FSWatcher.start (internal/fs/watchers.js:165:26)
	at Object.watch (fs.js:1270:11)
	at Object.t.watch (/snap/code/32/usr/share/code/resources/app/extensions/git/dist/main.js:1:604919)
	at T.updateTransientWatchers (/snap/code/32/usr/share/code/resources/app/extensions/git/dist/main.js:1:83965)
	at e.fire (/snap/code/32/usr/share/code/resources/app/out/vs/workbench/services/extensions/node/extensionHostProcess.js:46:87)
	at e.updateModelState (/snap/code/32/usr/share/code/resources/app/extensions/git/dist/main.js:1:103179)
> git config --get commit.template
> git status -z -u
> git symbolic-ref --short HEAD
> git rev-parse development
> git rev-parse --symbolic-full-name development@{u}
> git rev-list --left-right development...refs/remotes/origin/development
> git for-each-ref --format %(refname) %(objectname) --sort -committerdate
> git remote --verbose
Failed to watch ref '/home/mahi/Desktop/REVAL_M/.git/refs/remotes/origin/development', is most likely packed.
Error: ENOENT: no such file or directory, watch '/home/mahi/Desktop/REVAL_M/.git/refs/remotes/origin/development'
	at FSWatcher.start (internal/fs/watchers.js:165:26)
	at Object.watch (fs.js:1270:11)
	at Object.t.watch (/snap/code/32/usr/share/code/resources/app/extensions/git/dist/main.js:1:604919)
	at T.updateTransientWatchers (/snap/code/32/usr/share/code/resources/app/extensions/git/dist/main.js:1:83965)
	at e.fire (/snap/code/32/usr/share/code/resources/app/out/vs/workbench/services/extensions/node/extensionHostProcess.js:46:87)
	at e.updateModelState (/snap/code/32/usr/share/code/resources/app/extensions/git/dist/main.js:1:103179)
> git config --get commit.template
> git show :src/main/webapp/app/entities/lookup-types/lookup-types-detail.component.html
> git ls-files --stage -- /home/mahi/Desktop/REVAL_M/src/main/webapp/app/entities/lookup-types/lookup-types-detail.component.html
> git cat-file -s 0c291ea068883f9ab6b4b98e6391793769d61229
> git check-ignore -v -z --stdin
> git status -z -u
> git symbolic-ref --short HEAD
> git rev-parse development
> git rev-parse --symbolic-full-name development@{u}
> git rev-list --left-right development...refs/remotes/origin/development
> git for-each-ref --format %(refname) %(objectname) --sort -committerdate
> git remote --verbose
Failed to watch ref '/home/mahi/Desktop/REVAL_M/.git/refs/remotes/origin/development', is most likely packed.
Error: ENOENT: no such file or directory, watch '/home/mahi/Desktop/REVAL_M/.git/refs/remotes/origin/development'
	at FSWatcher.start (internal/fs/watchers.js:165:26)
	at Object.watch (fs.js:1270:11)
	at Object.t.watch (/snap/code/32/usr/share/code/resources/app/extensions/git/dist/main.js:1:604919)
	at T.updateTransientWatchers (/snap/code/32/usr/share/code/resources/app/extensions/git/dist/main.js:1:83965)
	at e.fire (/snap/code/32/usr/share/code/resources/app/out/vs/workbench/services/extensions/node/extensionHostProcess.js:46:87)
	at e.updateModelState (/snap/code/32/usr/share/code/resources/app/extensions/git/dist/main.js:1:103179)
> git config --get commit.template
> git show :src/main/webapp/app/entities/lookup-types/lookups.component.html
> git ls-files --stage -- /home/mahi/Desktop/REVAL_M/src/main/webapp/app/entities/lookup-types/lookups.component.html
> git status -z -u
> git symbolic-ref --short HEAD
> git rev-parse development
> git rev-parse --symbolic-full-name development@{u}
> git rev-list --left-right development...refs/remotes/origin/development
> git for-each-ref --format %(refname) %(objectname) --sort -committerdate
> git remote --verbose
Failed to watch ref '/home/mahi/Desktop/REVAL_M/.git/refs/remotes/origin/development', is most likely packed.
Error: ENOENT: no such file or directory, watch '/home/mahi/Desktop/REVAL_M/.git/refs/remotes/origin/development'
	at FSWatcher.start (internal/fs/watchers.js:165:26)
	at Object.watch (fs.js:1270:11)
	at Object.t.watch (/snap/code/32/usr/share/code/resources/app/extensions/git/dist/main.js:1:604919)
	at T.updateTransientWatchers (/snap/code/32/usr/share/code/resources/app/extensions/git/dist/main.js:1:83965)
	at e.fire (/snap/code/32/usr/share/code/resources/app/out/vs/workbench/services/extensions/node/extensionHostProcess.js:46:87)
	at e.updateModelState (/snap/code/32/usr/share/code/resources/app/extensions/git/dist/main.js:1:103179)
> git config --get commit.template
> git status -z -u
> git symbolic-ref --short HEAD
> git rev-parse development
> git rev-parse --symbolic-full-name development@{u}
> git rev-list --left-right development...refs/remotes/origin/development
> git for-each-ref --format %(refname) %(objectname) --sort -committerdate
> git remote --verbose
Failed to watch ref '/home/mahi/Desktop/REVAL_M/.git/refs/remotes/origin/development', is most likely packed.
Error: ENOENT: no such file or directory, watch '/home/mahi/Desktop/REVAL_M/.git/refs/remotes/origin/development'
	at FSWatcher.start (internal/fs/watchers.js:165:26)
	at Object.watch (fs.js:1270:11)
	at Object.t.watch (/snap/code/32/usr/share/code/resources/app/extensions/git/dist/main.js:1:604919)
	at T.updateTransientWatchers (/snap/code/32/usr/share/code/resources/app/extensions/git/dist/main.js:1:83965)
	at e.fire (/snap/code/32/usr/share/code/resources/app/out/vs/workbench/services/extensions/node/extensionHostProcess.js:46:87)
	at e.updateModelState (/snap/code/32/usr/share/code/resources/app/extensions/git/dist/main.js:1:103179)
> git config --get commit.template
> git status -z -u
> git symbolic-ref --short HEAD
> git rev-parse development
> git rev-parse --symbolic-full-name development@{u}
> git rev-list --left-right development...refs/remotes/origin/development
> git for-each-ref --format %(refname) %(objectname) --sort -committerdate
> git remote --verbose
Failed to watch ref '/home/mahi/Desktop/REVAL_M/.git/refs/remotes/origin/development', is most likely packed.
Error: ENOENT: no such file or directory, watch '/home/mahi/Desktop/REVAL_M/.git/refs/remotes/origin/development'
	at FSWatcher.start (internal/fs/watchers.js:165:26)
	at Object.watch (fs.js:1270:11)
	at Object.t.watch (/snap/code/32/usr/share/code/resources/app/extensions/git/dist/main.js:1:604919)
	at T.updateTransientWatchers (/snap/code/32/usr/share/code/resources/app/extensions/git/dist/main.js:1:83965)
	at e.fire (/snap/code/32/usr/share/code/resources/app/out/vs/workbench/services/extensions/node/extensionHostProcess.js:46:87)
	at e.updateModelState (/snap/code/32/usr/share/code/resources/app/extensions/git/dist/main.js:1:103179)
> git config --get commit.template
> git check-ignore -v -z --stdin
> git show :src/main/webapp/app/entities/lookups/lookups.component.html
> git ls-files --stage -- /home/mahi/Desktop/REVAL_M/src/main/webapp/app/entities/lookups/lookups.component.html
> git cat-file -s fd45c61e0e54902a8d655c164022047c46cea870
> git status -z -u
> git symbolic-ref --short HEAD
> git rev-parse development
> git rev-parse --symbolic-full-name development@{u}
> git rev-list --left-right development...refs/remotes/origin/development
> git for-each-ref --format %(refname) %(objectname) --sort -committerdate
> git remote --verbose
Failed to watch ref '/home/mahi/Desktop/REVAL_M/.git/refs/remotes/origin/development', is most likely packed.
Error: ENOENT: no such file or directory, watch '/home/mahi/Desktop/REVAL_M/.git/refs/remotes/origin/development'
	at FSWatcher.start (internal/fs/watchers.js:165:26)
	at Object.watch (fs.js:1270:11)
	at Object.t.watch (/snap/code/32/usr/share/code/resources/app/extensions/git/dist/main.js:1:604919)
	at T.updateTransientWatchers (/snap/code/32/usr/share/code/resources/app/extensions/git/dist/main.js:1:83965)
	at e.fire (/snap/code/32/usr/share/code/resources/app/out/vs/workbench/services/extensions/node/extensionHostProcess.js:46:87)
	at e.updateModelState (/snap/code/32/usr/share/code/resources/app/extensions/git/dist/main.js:1:103179)
> git config --get commit.template
> git status -z -u
> git symbolic-ref --short HEAD
> git rev-parse development
> git rev-parse --symbolic-full-name development@{u}
> git rev-list --left-right development...refs/remotes/origin/development
> git for-each-ref --format %(refname) %(objectname) --sort -committerdate
> git remote --verbose
Failed to watch ref '/home/mahi/Desktop/REVAL_M/.git/refs/remotes/origin/development', is most likely packed.
Error: ENOENT: no such file or directory, watch '/home/mahi/Desktop/REVAL_M/.git/refs/remotes/origin/development'
	at FSWatcher.start (internal/fs/watchers.js:165:26)
	at Object.watch (fs.js:1270:11)
	at Object.t.watch (/snap/code/32/usr/share/code/resources/app/extensions/git/dist/main.js:1:604919)
	at T.updateTransientWatchers (/snap/code/32/usr/share/code/resources/app/extensions/git/dist/main.js:1:83965)
	at e.fire (/snap/code/32/usr/share/code/resources/app/out/vs/workbench/services/extensions/node/extensionHostProcess.js:46:87)
	at e.updateModelState (/snap/code/32/usr/share/code/resources/app/extensions/git/dist/main.js:1:103179)
> git config --get commit.template
> git status -z -u
> git symbolic-ref --short HEAD
> git rev-parse development
> git rev-parse --symbolic-full-name development@{u}
> git rev-list --left-right development...refs/remotes/origin/development
> git for-each-ref --format %(refname) %(objectname) --sort -committerdate
> git remote --verbose
Failed to watch ref '/home/mahi/Desktop/REVAL_M/.git/refs/remotes/origin/development', is most likely packed.
Error: ENOENT: no such file or directory, watch '/home/mahi/Desktop/REVAL_M/.git/refs/remotes/origin/development'
	at FSWatcher.start (internal/fs/watchers.js:165:26)
	at Object.watch (fs.js:1270:11)
	at Object.t.watch (/snap/code/32/usr/share/code/resources/app/extensions/git/dist/main.js:1:604919)
	at T.updateTransientWatchers (/snap/code/32/usr/share/code/resources/app/extensions/git/dist/main.js:1:83965)
	at e.fire (/snap/code/32/usr/share/code/resources/app/out/vs/workbench/services/extensions/node/extensionHostProcess.js:46:87)
	at e.updateModelState (/snap/code/32/usr/share/code/resources/app/extensions/git/dist/main.js:1:103179)
> git config --get commit.template
> git status -z -u
> git symbolic-ref --short HEAD
> git rev-parse development
> git rev-parse --symbolic-full-name development@{u}
> git rev-list --left-right development...refs/remotes/origin/development
> git for-each-ref --format %(refname) %(objectname) --sort -committerdate
> git remote --verbose
Failed to watch ref '/home/mahi/Desktop/REVAL_M/.git/refs/remotes/origin/development', is most likely packed.
Error: ENOENT: no such file or directory, watch '/home/mahi/Desktop/REVAL_M/.git/refs/remotes/origin/development'
	at FSWatcher.start (internal/fs/watchers.js:165:26)
	at Object.watch (fs.js:1270:11)
	at Object.t.watch (/snap/code/32/usr/share/code/resources/app/extensions/git/dist/main.js:1:604919)
	at T.updateTransientWatchers (/snap/code/32/usr/share/code/resources/app/extensions/git/dist/main.js:1:83965)
	at e.fire (/snap/code/32/usr/share/code/resources/app/out/vs/workbench/services/extensions/node/extensionHostProcess.js:46:87)
	at e.updateModelState (/snap/code/32/usr/share/code/resources/app/extensions/git/dist/main.js:1:103179)
> git config --get commit.template
> git status -z -u
> git symbolic-ref --short HEAD
> git rev-parse development
> git rev-parse --symbolic-full-name development@{u}
> git rev-list --left-right development...refs/remotes/origin/development
> git for-each-ref --format %(refname) %(objectname) --sort -committerdate
> git remote --verbose
Failed to watch ref '/home/mahi/Desktop/REVAL_M/.git/refs/remotes/origin/development', is most likely packed.
Error: ENOENT: no such file or directory, watch '/home/mahi/Desktop/REVAL_M/.git/refs/remotes/origin/development'
	at FSWatcher.start (internal/fs/watchers.js:165:26)
	at Object.watch (fs.js:1270:11)
	at Object.t.watch (/snap/code/32/usr/share/code/resources/app/extensions/git/dist/main.js:1:604919)
	at T.updateTransientWatchers (/snap/code/32/usr/share/code/resources/app/extensions/git/dist/main.js:1:83965)
	at e.fire (/snap/code/32/usr/share/code/resources/app/out/vs/workbench/services/extensions/node/extensionHostProcess.js:46:87)
	at e.updateModelState (/snap/code/32/usr/share/code/resources/app/extensions/git/dist/main.js:1:103179)
> git config --get commit.template
> git show :src/main/webapp/app/entities/lookup-types/lookups.component.html
> git ls-files --stage -- /home/mahi/Desktop/REVAL_M/src/main/webapp/app/entities/lookup-types/lookups.component.html
> git status -z -u
> git symbolic-ref --short HEAD
> git rev-parse development
> git rev-parse --symbolic-full-name development@{u}
> git rev-list --left-right development...refs/remotes/origin/development
> git for-each-ref --format %(refname) %(objectname) --sort -committerdate
> git remote --verbose
Failed to watch ref '/home/mahi/Desktop/REVAL_M/.git/refs/remotes/origin/development', is most likely packed.
Error: ENOENT: no such file or directory, watch '/home/mahi/Desktop/REVAL_M/.git/refs/remotes/origin/development'
	at FSWatcher.start (internal/fs/watchers.js:165:26)
	at Object.watch (fs.js:1270:11)
	at Object.t.watch (/snap/code/32/usr/share/code/resources/app/extensions/git/dist/main.js:1:604919)
	at T.updateTransientWatchers (/snap/code/32/usr/share/code/resources/app/extensions/git/dist/main.js:1:83965)
	at e.fire (/snap/code/32/usr/share/code/resources/app/out/vs/workbench/services/extensions/node/extensionHostProcess.js:46:87)
	at e.updateModelState (/snap/code/32/usr/share/code/resources/app/extensions/git/dist/main.js:1:103179)
> git config --get commit.template
> git status -z -u
> git symbolic-ref --short HEAD
> git rev-parse development
> git rev-parse --symbolic-full-name development@{u}
> git rev-list --left-right development...refs/remotes/origin/development
> git for-each-ref --format %(refname) %(objectname) --sort -committerdate
> git remote --verbose
Failed to watch ref '/home/mahi/Desktop/REVAL_M/.git/refs/remotes/origin/development', is most likely packed.
Error: ENOENT: no such file or directory, watch '/home/mahi/Desktop/REVAL_M/.git/refs/remotes/origin/development'
	at FSWatcher.start (internal/fs/watchers.js:165:26)
	at Object.watch (fs.js:1270:11)
	at Object.t.watch (/snap/code/32/usr/share/code/resources/app/extensions/git/dist/main.js:1:604919)
	at T.updateTransientWatchers (/snap/code/32/usr/share/code/resources/app/extensions/git/dist/main.js:1:83965)
	at e.fire (/snap/code/32/usr/share/code/resources/app/out/vs/workbench/services/extensions/node/extensionHostProcess.js:46:87)
	at e.updateModelState (/snap/code/32/usr/share/code/resources/app/extensions/git/dist/main.js:1:103179)
> git config --get commit.template
> git status -z -u
> git symbolic-ref --short HEAD
> git rev-parse development
> git rev-parse --symbolic-full-name development@{u}
> git rev-list --left-right development...refs/remotes/origin/development
> git for-each-ref --format %(refname) %(objectname) --sort -committerdate
> git remote --verbose
Failed to watch ref '/home/mahi/Desktop/REVAL_M/.git/refs/remotes/origin/development', is most likely packed.
Error: ENOENT: no such file or directory, watch '/home/mahi/Desktop/REVAL_M/.git/refs/remotes/origin/development'
	at FSWatcher.start (internal/fs/watchers.js:165:26)
	at Object.watch (fs.js:1270:11)
	at Object.t.watch (/snap/code/32/usr/share/code/resources/app/extensions/git/dist/main.js:1:604919)
	at T.updateTransientWatchers (/snap/code/32/usr/share/code/resources/app/extensions/git/dist/main.js:1:83965)
	at e.fire (/snap/code/32/usr/share/code/resources/app/out/vs/workbench/services/extensions/node/extensionHostProcess.js:46:87)
	at e.updateModelState (/snap/code/32/usr/share/code/resources/app/extensions/git/dist/main.js:1:103179)
> git config --get commit.template
> git status -z -u
> git symbolic-ref --short HEAD
> git rev-parse development
> git rev-parse --symbolic-full-name development@{u}
> git rev-list --left-right development...refs/remotes/origin/development
> git for-each-ref --format %(refname) %(objectname) --sort -committerdate
> git remote --verbose
Failed to watch ref '/home/mahi/Desktop/REVAL_M/.git/refs/remotes/origin/development', is most likely packed.
Error: ENOENT: no such file or directory, watch '/home/mahi/Desktop/REVAL_M/.git/refs/remotes/origin/development'
	at FSWatcher.start (internal/fs/watchers.js:165:26)
	at Object.watch (fs.js:1270:11)
	at Object.t.watch (/snap/code/32/usr/share/code/resources/app/extensions/git/dist/main.js:1:604919)
	at T.updateTransientWatchers (/snap/code/32/usr/share/code/resources/app/extensions/git/dist/main.js:1:83965)
	at e.fire (/snap/code/32/usr/share/code/resources/app/out/vs/workbench/services/extensions/node/extensionHostProcess.js:46:87)
	at e.updateModelState (/snap/code/32/usr/share/code/resources/app/extensions/git/dist/main.js:1:103179)
> git config --get commit.template
> git status -z -u
> git symbolic-ref --short HEAD
> git rev-parse development
> git rev-parse --symbolic-full-name development@{u}
> git rev-list --left-right development...refs/remotes/origin/development
> git for-each-ref --format %(refname) %(objectname) --sort -committerdate
> git remote --verbose
Failed to watch ref '/home/mahi/Desktop/REVAL_M/.git/refs/remotes/origin/development', is most likely packed.
Error: ENOENT: no such file or directory, watch '/home/mahi/Desktop/REVAL_M/.git/refs/remotes/origin/development'
	at FSWatcher.start (internal/fs/watchers.js:165:26)
	at Object.watch (fs.js:1270:11)
	at Object.t.watch (/snap/code/32/usr/share/code/resources/app/extensions/git/dist/main.js:1:604919)
	at T.updateTransientWatchers (/snap/code/32/usr/share/code/resources/app/extensions/git/dist/main.js:1:83965)
	at e.fire (/snap/code/32/usr/share/code/resources/app/out/vs/workbench/services/extensions/node/extensionHostProcess.js:46:87)
	at e.updateModelState (/snap/code/32/usr/share/code/resources/app/extensions/git/dist/main.js:1:103179)
> git config --get commit.template
> git status -z -u
> git symbolic-ref --short HEAD
> git rev-parse development
> git rev-parse --symbolic-full-name development@{u}
> git rev-list --left-right development...refs/remotes/origin/development
> git for-each-ref --format %(refname) %(objectname) --sort -committerdate
> git remote --verbose
Failed to watch ref '/home/mahi/Desktop/REVAL_M/.git/refs/remotes/origin/development', is most likely packed.
Error: ENOENT: no such file or directory, watch '/home/mahi/Desktop/REVAL_M/.git/refs/remotes/origin/development'
	at FSWatcher.start (internal/fs/watchers.js:165:26)
	at Object.watch (fs.js:1270:11)
	at Object.t.watch (/snap/code/32/usr/share/code/resources/app/extensions/git/dist/main.js:1:604919)
	at T.updateTransientWatchers (/snap/code/32/usr/share/code/resources/app/extensions/git/dist/main.js:1:83965)
	at e.fire (/snap/code/32/usr/share/code/resources/app/out/vs/workbench/services/extensions/node/extensionHostProcess.js:46:87)
	at e.updateModelState (/snap/code/32/usr/share/code/resources/app/extensions/git/dist/main.js:1:103179)
> git config --get commit.template
> git status -z -u
> git symbolic-ref --short HEAD
> git rev-parse development
> git rev-parse --symbolic-full-name development@{u}
> git rev-list --left-right development...refs/remotes/origin/development
> git for-each-ref --format %(refname) %(objectname) --sort -committerdate
> git remote --verbose
Failed to watch ref '/home/mahi/Desktop/REVAL_M/.git/refs/remotes/origin/development', is most likely packed.
Error: ENOENT: no such file or directory, watch '/home/mahi/Desktop/REVAL_M/.git/refs/remotes/origin/development'
	at FSWatcher.start (internal/fs/watchers.js:165:26)
	at Object.watch (fs.js:1270:11)
	at Object.t.watch (/snap/code/32/usr/share/code/resources/app/extensions/git/dist/main.js:1:604919)
	at T.updateTransientWatchers (/snap/code/32/usr/share/code/resources/app/extensions/git/dist/main.js:1:83965)
	at e.fire (/snap/code/32/usr/share/code/resources/app/out/vs/workbench/services/extensions/node/extensionHostProcess.js:46:87)
	at e.updateModelState (/snap/code/32/usr/share/code/resources/app/extensions/git/dist/main.js:1:103179)
> git config --get commit.template
> git status -z -u
> git symbolic-ref --short HEAD
> git rev-parse development
> git rev-parse --symbolic-full-name development@{u}
> git rev-list --left-right development...refs/remotes/origin/development
> git for-each-ref --format %(refname) %(objectname) --sort -committerdate
> git remote --verbose
Failed to watch ref '/home/mahi/Desktop/REVAL_M/.git/refs/remotes/origin/development', is most likely packed.
Error: ENOENT: no such file or directory, watch '/home/mahi/Desktop/REVAL_M/.git/refs/remotes/origin/development'
	at FSWatcher.start (internal/fs/watchers.js:165:26)
	at Object.watch (fs.js:1270:11)
	at Object.t.watch (/snap/code/32/usr/share/code/resources/app/extensions/git/dist/main.js:1:604919)
	at T.updateTransientWatchers (/snap/code/32/usr/share/code/resources/app/extensions/git/dist/main.js:1:83965)
	at e.fire (/snap/code/32/usr/share/code/resources/app/out/vs/workbench/services/extensions/node/extensionHostProcess.js:46:87)
	at e.updateModelState (/snap/code/32/usr/share/code/resources/app/extensions/git/dist/main.js:1:103179)
> git config --get commit.template
> git status -z -u
> git symbolic-ref --short HEAD
> git rev-parse development
> git rev-parse --symbolic-full-name development@{u}
> git rev-list --left-right development...refs/remotes/origin/development
> git for-each-ref --format %(refname) %(objectname) --sort -committerdate
> git remote --verbose
Failed to watch ref '/home/mahi/Desktop/REVAL_M/.git/refs/remotes/origin/development', is most likely packed.
Error: ENOENT: no such file or directory, watch '/home/mahi/Desktop/REVAL_M/.git/refs/remotes/origin/development'
	at FSWatcher.start (internal/fs/watchers.js:165:26)
	at Object.watch (fs.js:1270:11)
	at Object.t.watch (/snap/code/32/usr/share/code/resources/app/extensions/git/dist/main.js:1:604919)
	at T.updateTransientWatchers (/snap/code/32/usr/share/code/resources/app/extensions/git/dist/main.js:1:83965)
	at e.fire (/snap/code/32/usr/share/code/resources/app/out/vs/workbench/services/extensions/node/extensionHostProcess.js:46:87)
	at e.updateModelState (/snap/code/32/usr/share/code/resources/app/extensions/git/dist/main.js:1:103179)
> git config --get commit.template
> git status -z -u
> git symbolic-ref --short HEAD
> git rev-parse development
> git rev-parse --symbolic-full-name development@{u}
> git rev-list --left-right development...refs/remotes/origin/development
> git for-each-ref --format %(refname) %(objectname) --sort -committerdate
> git remote --verbose
Failed to watch ref '/home/mahi/Desktop/REVAL_M/.git/refs/remotes/origin/development', is most likely packed.
Error: ENOENT: no such file or directory, watch '/home/mahi/Desktop/REVAL_M/.git/refs/remotes/origin/development'
	at FSWatcher.start (internal/fs/watchers.js:165:26)
	at Object.watch (fs.js:1270:11)
	at Object.t.watch (/snap/code/32/usr/share/code/resources/app/extensions/git/dist/main.js:1:604919)
	at T.updateTransientWatchers (/snap/code/32/usr/share/code/resources/app/extensions/git/dist/main.js:1:83965)
	at e.fire (/snap/code/32/usr/share/code/resources/app/out/vs/workbench/services/extensions/node/extensionHostProcess.js:46:87)
	at e.updateModelState (/snap/code/32/usr/share/code/resources/app/extensions/git/dist/main.js:1:103179)
> git config --get commit.template
> git status -z -u
> git symbolic-ref --short HEAD
> git rev-parse development
> git rev-parse --symbolic-full-name development@{u}
> git rev-list --left-right development...refs/remotes/origin/development
> git for-each-ref --format %(refname) %(objectname) --sort -committerdate
> git remote --verbose
Failed to watch ref '/home/mahi/Desktop/REVAL_M/.git/refs/remotes/origin/development', is most likely packed.
Error: ENOENT: no such file or directory, watch '/home/mahi/Desktop/REVAL_M/.git/refs/remotes/origin/development'
	at FSWatcher.start (internal/fs/watchers.js:165:26)
	at Object.watch (fs.js:1270:11)
	at Object.t.watch (/snap/code/32/usr/share/code/resources/app/extensions/git/dist/main.js:1:604919)
	at T.updateTransientWatchers (/snap/code/32/usr/share/code/resources/app/extensions/git/dist/main.js:1:83965)
	at e.fire (/snap/code/32/usr/share/code/resources/app/out/vs/workbench/services/extensions/node/extensionHostProcess.js:46:87)
	at e.updateModelState (/snap/code/32/usr/share/code/resources/app/extensions/git/dist/main.js:1:103179)
> git config --get commit.template
> git status -z -u
> git symbolic-ref --short HEAD
> git rev-parse development
> git rev-parse --symbolic-full-name development@{u}
> git rev-list --left-right development...refs/remotes/origin/development
> git for-each-ref --format %(refname) %(objectname) --sort -committerdate
> git remote --verbose
Failed to watch ref '/home/mahi/Desktop/REVAL_M/.git/refs/remotes/origin/development', is most likely packed.
Error: ENOENT: no such file or directory, watch '/home/mahi/Desktop/REVAL_M/.git/refs/remotes/origin/development'
	at FSWatcher.start (internal/fs/watchers.js:165:26)
	at Object.watch (fs.js:1270:11)
	at Object.t.watch (/snap/code/32/usr/share/code/resources/app/extensions/git/dist/main.js:1:604919)
	at T.updateTransientWatchers (/snap/code/32/usr/share/code/resources/app/extensions/git/dist/main.js:1:83965)
	at e.fire (/snap/code/32/usr/share/code/resources/app/out/vs/workbench/services/extensions/node/extensionHostProcess.js:46:87)
	at e.updateModelState (/snap/code/32/usr/share/code/resources/app/extensions/git/dist/main.js:1:103179)
> git config --get commit.template
> git status -z -u
> git symbolic-ref --short HEAD
> git rev-parse development
> git rev-parse --symbolic-full-name development@{u}
> git rev-list --left-right development...refs/remotes/origin/development
> git for-each-ref --format %(refname) %(objectname) --sort -committerdate
> git remote --verbose
Failed to watch ref '/home/mahi/Desktop/REVAL_M/.git/refs/remotes/origin/development', is most likely packed.
Error: ENOENT: no such file or directory, watch '/home/mahi/Desktop/REVAL_M/.git/refs/remotes/origin/development'
	at FSWatcher.start (internal/fs/watchers.js:165:26)
	at Object.watch (fs.js:1270:11)
	at Object.t.watch (/snap/code/32/usr/share/code/resources/app/extensions/git/dist/main.js:1:604919)
	at T.updateTransientWatchers (/snap/code/32/usr/share/code/resources/app/extensions/git/dist/main.js:1:83965)
	at e.fire (/snap/code/32/usr/share/code/resources/app/out/vs/workbench/services/extensions/node/extensionHostProcess.js:46:87)
	at e.updateModelState (/snap/code/32/usr/share/code/resources/app/extensions/git/dist/main.js:1:103179)
> git config --get commit.template
> git status -z -u
> git symbolic-ref --short HEAD
> git rev-parse development
> git rev-parse --symbolic-full-name development@{u}
> git rev-list --left-right development...refs/remotes/origin/development
> git for-each-ref --format %(refname) %(objectname) --sort -committerdate
> git remote --verbose
Failed to watch ref '/home/mahi/Desktop/REVAL_M/.git/refs/remotes/origin/development', is most likely packed.
Error: ENOENT: no such file or directory, watch '/home/mahi/Desktop/REVAL_M/.git/refs/remotes/origin/development'
	at FSWatcher.start (internal/fs/watchers.js:165:26)
	at Object.watch (fs.js:1270:11)
	at Object.t.watch (/snap/code/32/usr/share/code/resources/app/extensions/git/dist/main.js:1:604919)
	at T.updateTransientWatchers (/snap/code/32/usr/share/code/resources/app/extensions/git/dist/main.js:1:83965)
	at e.fire (/snap/code/32/usr/share/code/resources/app/out/vs/workbench/services/extensions/node/extensionHostProcess.js:46:87)
	at e.updateModelState (/snap/code/32/usr/share/code/resources/app/extensions/git/dist/main.js:1:103179)
> git config --get commit.template
> git status -z -u
> git symbolic-ref --short HEAD
> git rev-parse development
> git rev-parse --symbolic-full-name development@{u}
> git rev-list --left-right development...refs/remotes/origin/development
> git for-each-ref --format %(refname) %(objectname) --sort -committerdate
> git remote --verbose
Failed to watch ref '/home/mahi/Desktop/REVAL_M/.git/refs/remotes/origin/development', is most likely packed.
Error: ENOENT: no such file or directory, watch '/home/mahi/Desktop/REVAL_M/.git/refs/remotes/origin/development'
	at FSWatcher.start (internal/fs/watchers.js:165:26)
	at Object.watch (fs.js:1270:11)
	at Object.t.watch (/snap/code/32/usr/share/code/resources/app/extensions/git/dist/main.js:1:604919)
	at T.updateTransientWatchers (/snap/code/32/usr/share/code/resources/app/extensions/git/dist/main.js:1:83965)
	at e.fire (/snap/code/32/usr/share/code/resources/app/out/vs/workbench/services/extensions/node/extensionHostProcess.js:46:87)
	at e.updateModelState (/snap/code/32/usr/share/code/resources/app/extensions/git/dist/main.js:1:103179)
> git config --get commit.template
> git status -z -u
> git symbolic-ref --short HEAD
> git rev-parse development
> git rev-parse --symbolic-full-name development@{u}
> git rev-list --left-right development...refs/remotes/origin/development
> git for-each-ref --format %(refname) %(objectname) --sort -committerdate
> git remote --verbose
Failed to watch ref '/home/mahi/Desktop/REVAL_M/.git/refs/remotes/origin/development', is most likely packed.
Error: ENOENT: no such file or directory, watch '/home/mahi/Desktop/REVAL_M/.git/refs/remotes/origin/development'
	at FSWatcher.start (internal/fs/watchers.js:165:26)
	at Object.watch (fs.js:1270:11)
	at Object.t.watch (/snap/code/32/usr/share/code/resources/app/extensions/git/dist/main.js:1:604919)
	at T.updateTransientWatchers (/snap/code/32/usr/share/code/resources/app/extensions/git/dist/main.js:1:83965)
	at e.fire (/snap/code/32/usr/share/code/resources/app/out/vs/workbench/services/extensions/node/extensionHostProcess.js:46:87)
	at e.updateModelState (/snap/code/32/usr/share/code/resources/app/extensions/git/dist/main.js:1:103179)
> git config --get commit.template
> git status -z -u
> git symbolic-ref --short HEAD
> git rev-parse development
> git rev-parse --symbolic-full-name development@{u}
> git rev-list --left-right development...refs/remotes/origin/development
> git for-each-ref --format %(refname) %(objectname) --sort -committerdate
> git remote --verbose
Failed to watch ref '/home/mahi/Desktop/REVAL_M/.git/refs/remotes/origin/development', is most likely packed.
Error: ENOENT: no such file or directory, watch '/home/mahi/Desktop/REVAL_M/.git/refs/remotes/origin/development'
	at FSWatcher.start (internal/fs/watchers.js:165:26)
	at Object.watch (fs.js:1270:11)
	at Object.t.watch (/snap/code/32/usr/share/code/resources/app/extensions/git/dist/main.js:1:604919)
	at T.updateTransientWatchers (/snap/code/32/usr/share/code/resources/app/extensions/git/dist/main.js:1:83965)
	at e.fire (/snap/code/32/usr/share/code/resources/app/out/vs/workbench/services/extensions/node/extensionHostProcess.js:46:87)
	at e.updateModelState (/snap/code/32/usr/share/code/resources/app/extensions/git/dist/main.js:1:103179)
	at processTicksAndRejections (internal/process/task_queues.js:85:5)
> git config --get commit.template
> git status -z -u
> git symbolic-ref --short HEAD
> git rev-parse development
> git rev-parse --symbolic-full-name development@{u}
> git rev-list --left-right development...refs/remotes/origin/development
> git for-each-ref --format %(refname) %(objectname) --sort -committerdate
> git remote --verbose
Failed to watch ref '/home/mahi/Desktop/REVAL_M/.git/refs/remotes/origin/development', is most likely packed.
Error: ENOENT: no such file or directory, watch '/home/mahi/Desktop/REVAL_M/.git/refs/remotes/origin/development'
	at FSWatcher.start (internal/fs/watchers.js:165:26)
	at Object.watch (fs.js:1270:11)
	at Object.t.watch (/snap/code/32/usr/share/code/resources/app/extensions/git/dist/main.js:1:604919)
	at T.updateTransientWatchers (/snap/code/32/usr/share/code/resources/app/extensions/git/dist/main.js:1:83965)
	at e.fire (/snap/code/32/usr/share/code/resources/app/out/vs/workbench/services/extensions/node/extensionHostProcess.js:46:87)
	at e.updateModelState (/snap/code/32/usr/share/code/resources/app/extensions/git/dist/main.js:1:103179)
> git config --get commit.template
> git status -z -u
> git symbolic-ref --short HEAD
> git rev-parse development
> git rev-parse --symbolic-full-name development@{u}
> git rev-list --left-right development...refs/remotes/origin/development
> git for-each-ref --format %(refname) %(objectname) --sort -committerdate
> git remote --verbose
Failed to watch ref '/home/mahi/Desktop/REVAL_M/.git/refs/remotes/origin/development', is most likely packed.
Error: ENOENT: no such file or directory, watch '/home/mahi/Desktop/REVAL_M/.git/refs/remotes/origin/development'
	at FSWatcher.start (internal/fs/watchers.js:165:26)
	at Object.watch (fs.js:1270:11)
	at Object.t.watch (/snap/code/32/usr/share/code/resources/app/extensions/git/dist/main.js:1:604919)
	at T.updateTransientWatchers (/snap/code/32/usr/share/code/resources/app/extensions/git/dist/main.js:1:83965)
	at e.fire (/snap/code/32/usr/share/code/resources/app/out/vs/workbench/services/extensions/node/extensionHostProcess.js:46:87)
	at e.updateModelState (/snap/code/32/usr/share/code/resources/app/extensions/git/dist/main.js:1:103179)
> git config --get commit.template
> git status -z -u
> git symbolic-ref --short HEAD
> git rev-parse development
> git rev-parse --symbolic-full-name development@{u}
> git rev-list --left-right development...refs/remotes/origin/development
> git for-each-ref --format %(refname) %(objectname) --sort -committerdate
> git remote --verbose
Failed to watch ref '/home/mahi/Desktop/REVAL_M/.git/refs/remotes/origin/development', is most likely packed.
Error: ENOENT: no such file or directory, watch '/home/mahi/Desktop/REVAL_M/.git/refs/remotes/origin/development'
	at FSWatcher.start (internal/fs/watchers.js:165:26)
	at Object.watch (fs.js:1270:11)
	at Object.t.watch (/snap/code/32/usr/share/code/resources/app/extensions/git/dist/main.js:1:604919)
	at T.updateTransientWatchers (/snap/code/32/usr/share/code/resources/app/extensions/git/dist/main.js:1:83965)
	at e.fire (/snap/code/32/usr/share/code/resources/app/out/vs/workbench/services/extensions/node/extensionHostProcess.js:46:87)
	at e.updateModelState (/snap/code/32/usr/share/code/resources/app/extensions/git/dist/main.js:1:103179)
> git config --get commit.template
> git status -z -u
> git symbolic-ref --short HEAD
> git rev-parse development
> git rev-parse --symbolic-full-name development@{u}
> git rev-list --left-right development...refs/remotes/origin/development
> git for-each-ref --format %(refname) %(objectname) --sort -committerdate
> git remote --verbose
Failed to watch ref '/home/mahi/Desktop/REVAL_M/.git/refs/remotes/origin/development', is most likely packed.
Error: ENOENT: no such file or directory, watch '/home/mahi/Desktop/REVAL_M/.git/refs/remotes/origin/development'
	at FSWatcher.start (internal/fs/watchers.js:165:26)
	at Object.watch (fs.js:1270:11)
	at Object.t.watch (/snap/code/32/usr/share/code/resources/app/extensions/git/dist/main.js:1:604919)
	at T.updateTransientWatchers (/snap/code/32/usr/share/code/resources/app/extensions/git/dist/main.js:1:83965)
	at e.fire (/snap/code/32/usr/share/code/resources/app/out/vs/workbench/services/extensions/node/extensionHostProcess.js:46:87)
	at e.updateModelState (/snap/code/32/usr/share/code/resources/app/extensions/git/dist/main.js:1:103179)
> git config --get commit.template
> git show :src/main/webapp/app/entities/lookups/lookups.component.html
> git ls-files --stage -- /home/mahi/Desktop/REVAL_M/src/main/webapp/app/entities/lookups/lookups.component.html
> git cat-file -s fd45c61e0e54902a8d655c164022047c46cea870
> git status -z -u
> git symbolic-ref --short HEAD
> git rev-parse development
> git rev-parse --symbolic-full-name development@{u}
> git rev-list --left-right development...refs/remotes/origin/development
> git for-each-ref --format %(refname) %(objectname) --sort -committerdate
> git remote --verbose
Failed to watch ref '/home/mahi/Desktop/REVAL_M/.git/refs/remotes/origin/development', is most likely packed.
Error: ENOENT: no such file or directory, watch '/home/mahi/Desktop/REVAL_M/.git/refs/remotes/origin/development'
	at FSWatcher.start (internal/fs/watchers.js:165:26)
	at Object.watch (fs.js:1270:11)
	at Object.t.watch (/snap/code/32/usr/share/code/resources/app/extensions/git/dist/main.js:1:604919)
	at T.updateTransientWatchers (/snap/code/32/usr/share/code/resources/app/extensions/git/dist/main.js:1:83965)
	at e.fire (/snap/code/32/usr/share/code/resources/app/out/vs/workbench/services/extensions/node/extensionHostProcess.js:46:87)
	at e.updateModelState (/snap/code/32/usr/share/code/resources/app/extensions/git/dist/main.js:1:103179)
	at runMicrotasks (<anonymous>)
	at processTicksAndRejections (internal/process/task_queues.js:85:5)
> git config --get commit.template
> git status -z -u
> git symbolic-ref --short HEAD
> git rev-parse development
> git rev-parse --symbolic-full-name development@{u}
> git rev-list --left-right development...refs/remotes/origin/development
> git for-each-ref --format %(refname) %(objectname) --sort -committerdate
> git remote --verbose
Failed to watch ref '/home/mahi/Desktop/REVAL_M/.git/refs/remotes/origin/development', is most likely packed.
Error: ENOENT: no such file or directory, watch '/home/mahi/Desktop/REVAL_M/.git/refs/remotes/origin/development'
	at FSWatcher.start (internal/fs/watchers.js:165:26)
	at Object.watch (fs.js:1270:11)
	at Object.t.watch (/snap/code/32/usr/share/code/resources/app/extensions/git/dist/main.js:1:604919)
	at T.updateTransientWatchers (/snap/code/32/usr/share/code/resources/app/extensions/git/dist/main.js:1:83965)
	at e.fire (/snap/code/32/usr/share/code/resources/app/out/vs/workbench/services/extensions/node/extensionHostProcess.js:46:87)
	at e.updateModelState (/snap/code/32/usr/share/code/resources/app/extensions/git/dist/main.js:1:103179)
> git config --get commit.template
> git status -z -u
> git symbolic-ref --short HEAD
> git rev-parse development
> git rev-parse --symbolic-full-name development@{u}
> git rev-list --left-right development...refs/remotes/origin/development
> git for-each-ref --format %(refname) %(objectname) --sort -committerdate
> git remote --verbose
Failed to watch ref '/home/mahi/Desktop/REVAL_M/.git/refs/remotes/origin/development', is most likely packed.
Error: ENOENT: no such file or directory, watch '/home/mahi/Desktop/REVAL_M/.git/refs/remotes/origin/development'
	at FSWatcher.start (internal/fs/watchers.js:165:26)
	at Object.watch (fs.js:1270:11)
	at Object.t.watch (/snap/code/32/usr/share/code/resources/app/extensions/git/dist/main.js:1:604919)
	at T.updateTransientWatchers (/snap/code/32/usr/share/code/resources/app/extensions/git/dist/main.js:1:83965)
	at e.fire (/snap/code/32/usr/share/code/resources/app/out/vs/workbench/services/extensions/node/extensionHostProcess.js:46:87)
	at e.updateModelState (/snap/code/32/usr/share/code/resources/app/extensions/git/dist/main.js:1:103179)
> git config --get commit.template
> git status -z -u
> git symbolic-ref --short HEAD
> git rev-parse development
> git rev-parse --symbolic-full-name development@{u}
> git rev-list --left-right development...refs/remotes/origin/development
> git for-each-ref --format %(refname) %(objectname) --sort -committerdate
> git remote --verbose
Failed to watch ref '/home/mahi/Desktop/REVAL_M/.git/refs/remotes/origin/development', is most likely packed.
Error: ENOENT: no such file or directory, watch '/home/mahi/Desktop/REVAL_M/.git/refs/remotes/origin/development'
	at FSWatcher.start (internal/fs/watchers.js:165:26)
	at Object.watch (fs.js:1270:11)
	at Object.t.watch (/snap/code/32/usr/share/code/resources/app/extensions/git/dist/main.js:1:604919)
	at T.updateTransientWatchers (/snap/code/32/usr/share/code/resources/app/extensions/git/dist/main.js:1:83965)
	at e.fire (/snap/code/32/usr/share/code/resources/app/out/vs/workbench/services/extensions/node/extensionHostProcess.js:46:87)
	at e.updateModelState (/snap/code/32/usr/share/code/resources/app/extensions/git/dist/main.js:1:103179)
> git config --get commit.template
> git status -z -u
> git symbolic-ref --short HEAD
> git rev-parse development
> git rev-parse --symbolic-full-name development@{u}
> git rev-list --left-right development...refs/remotes/origin/development
> git for-each-ref --format %(refname) %(objectname) --sort -committerdate
> git remote --verbose
Failed to watch ref '/home/mahi/Desktop/REVAL_M/.git/refs/remotes/origin/development', is most likely packed.
Error: ENOENT: no such file or directory, watch '/home/mahi/Desktop/REVAL_M/.git/refs/remotes/origin/development'
	at FSWatcher.start (internal/fs/watchers.js:165:26)
	at Object.watch (fs.js:1270:11)
	at Object.t.watch (/snap/code/32/usr/share/code/resources/app/extensions/git/dist/main.js:1:604919)
	at T.updateTransientWatchers (/snap/code/32/usr/share/code/resources/app/extensions/git/dist/main.js:1:83965)
	at e.fire (/snap/code/32/usr/share/code/resources/app/out/vs/workbench/services/extensions/node/extensionHostProcess.js:46:87)
	at e.updateModelState (/snap/code/32/usr/share/code/resources/app/extensions/git/dist/main.js:1:103179)
> git config --get commit.template
> git status -z -u
> git symbolic-ref --short HEAD
> git rev-parse development
> git rev-parse --symbolic-full-name development@{u}
> git rev-list --left-right development...refs/remotes/origin/development
> git for-each-ref --format %(refname) %(objectname) --sort -committerdate
> git remote --verbose
Failed to watch ref '/home/mahi/Desktop/REVAL_M/.git/refs/remotes/origin/development', is most likely packed.
Error: ENOENT: no such file or directory, watch '/home/mahi/Desktop/REVAL_M/.git/refs/remotes/origin/development'
	at FSWatcher.start (internal/fs/watchers.js:165:26)
	at Object.watch (fs.js:1270:11)
	at Object.t.watch (/snap/code/32/usr/share/code/resources/app/extensions/git/dist/main.js:1:604919)
	at T.updateTransientWatchers (/snap/code/32/usr/share/code/resources/app/extensions/git/dist/main.js:1:83965)
	at e.fire (/snap/code/32/usr/share/code/resources/app/out/vs/workbench/services/extensions/node/extensionHostProcess.js:46:87)
	at e.updateModelState (/snap/code/32/usr/share/code/resources/app/extensions/git/dist/main.js:1:103179)
> git config --get commit.template
> git status -z -u
> git symbolic-ref --short HEAD
> git rev-parse development
> git rev-parse --symbolic-full-name development@{u}
> git rev-list --left-right development...refs/remotes/origin/development
> git for-each-ref --format %(refname) %(objectname) --sort -committerdate
> git remote --verbose
Failed to watch ref '/home/mahi/Desktop/REVAL_M/.git/refs/remotes/origin/development', is most likely packed.
Error: ENOENT: no such file or directory, watch '/home/mahi/Desktop/REVAL_M/.git/refs/remotes/origin/development'
	at FSWatcher.start (internal/fs/watchers.js:165:26)
	at Object.watch (fs.js:1270:11)
	at Object.t.watch (/snap/code/32/usr/share/code/resources/app/extensions/git/dist/main.js:1:604919)
	at T.updateTransientWatchers (/snap/code/32/usr/share/code/resources/app/extensions/git/dist/main.js:1:83965)
	at e.fire (/snap/code/32/usr/share/code/resources/app/out/vs/workbench/services/extensions/node/extensionHostProcess.js:46:87)
	at e.updateModelState (/snap/code/32/usr/share/code/resources/app/extensions/git/dist/main.js:1:103179)
> git config --get commit.template
> git status -z -u
> git symbolic-ref --short HEAD
> git rev-parse development
> git rev-parse --symbolic-full-name development@{u}
> git rev-list --left-right development...refs/remotes/origin/development
> git for-each-ref --format %(refname) %(objectname) --sort -committerdate
> git remote --verbose
Failed to watch ref '/home/mahi/Desktop/REVAL_M/.git/refs/remotes/origin/development', is most likely packed.
Error: ENOENT: no such file or directory, watch '/home/mahi/Desktop/REVAL_M/.git/refs/remotes/origin/development'
	at FSWatcher.start (internal/fs/watchers.js:165:26)
	at Object.watch (fs.js:1270:11)
	at Object.t.watch (/snap/code/32/usr/share/code/resources/app/extensions/git/dist/main.js:1:604919)
	at T.updateTransientWatchers (/snap/code/32/usr/share/code/resources/app/extensions/git/dist/main.js:1:83965)
	at e.fire (/snap/code/32/usr/share/code/resources/app/out/vs/workbench/services/extensions/node/extensionHostProcess.js:46:87)
	at e.updateModelState (/snap/code/32/usr/share/code/resources/app/extensions/git/dist/main.js:1:103179)
> git config --get commit.template
> git show :src/main/webapp/app/entities/lookup-types/lookups.component.html
> git ls-files --stage -- /home/mahi/Desktop/REVAL_M/src/main/webapp/app/entities/lookup-types/lookups.component.html
> git status -z -u
> git symbolic-ref --short HEAD
> git rev-parse development
> git rev-parse --symbolic-full-name development@{u}
> git rev-list --left-right development...refs/remotes/origin/development
> git for-each-ref --format %(refname) %(objectname) --sort -committerdate
> git remote --verbose
Failed to watch ref '/home/mahi/Desktop/REVAL_M/.git/refs/remotes/origin/development', is most likely packed.
Error: ENOENT: no such file or directory, watch '/home/mahi/Desktop/REVAL_M/.git/refs/remotes/origin/development'
	at FSWatcher.start (internal/fs/watchers.js:165:26)
	at Object.watch (fs.js:1270:11)
	at Object.t.watch (/snap/code/32/usr/share/code/resources/app/extensions/git/dist/main.js:1:604919)
	at T.updateTransientWatchers (/snap/code/32/usr/share/code/resources/app/extensions/git/dist/main.js:1:83965)
	at e.fire (/snap/code/32/usr/share/code/resources/app/out/vs/workbench/services/extensions/node/extensionHostProcess.js:46:87)
	at e.updateModelState (/snap/code/32/usr/share/code/resources/app/extensions/git/dist/main.js:1:103179)
> git config --get commit.template
> git status -z -u
> git symbolic-ref --short HEAD
> git rev-parse development
> git rev-parse --symbolic-full-name development@{u}
> git rev-list --left-right development...refs/remotes/origin/development
> git for-each-ref --format %(refname) %(objectname) --sort -committerdate
> git remote --verbose
Failed to watch ref '/home/mahi/Desktop/REVAL_M/.git/refs/remotes/origin/development', is most likely packed.
Error: ENOENT: no such file or directory, watch '/home/mahi/Desktop/REVAL_M/.git/refs/remotes/origin/development'
	at FSWatcher.start (internal/fs/watchers.js:165:26)
	at Object.watch (fs.js:1270:11)
	at Object.t.watch (/snap/code/32/usr/share/code/resources/app/extensions/git/dist/main.js:1:604919)
	at T.updateTransientWatchers (/snap/code/32/usr/share/code/resources/app/extensions/git/dist/main.js:1:83965)
	at e.fire (/snap/code/32/usr/share/code/resources/app/out/vs/workbench/services/extensions/node/extensionHostProcess.js:46:87)
	at e.updateModelState (/snap/code/32/usr/share/code/resources/app/extensions/git/dist/main.js:1:103179)
> git config --get commit.template
> git show :src/main/webapp/app/entities/lookup-types/lookups.component.ts
> git ls-files --stage -- /home/mahi/Desktop/REVAL_M/src/main/webapp/app/entities/lookup-types/lookups.component.ts
> git status -z -u
> git symbolic-ref --short HEAD
> git rev-parse development
> git rev-parse --symbolic-full-name development@{u}
> git rev-list --left-right development...refs/remotes/origin/development
> git for-each-ref --format %(refname) %(objectname) --sort -committerdate
> git remote --verbose
Failed to watch ref '/home/mahi/Desktop/REVAL_M/.git/refs/remotes/origin/development', is most likely packed.
Error: ENOENT: no such file or directory, watch '/home/mahi/Desktop/REVAL_M/.git/refs/remotes/origin/development'
	at FSWatcher.start (internal/fs/watchers.js:165:26)
	at Object.watch (fs.js:1270:11)
	at Object.t.watch (/snap/code/32/usr/share/code/resources/app/extensions/git/dist/main.js:1:604919)
	at T.updateTransientWatchers (/snap/code/32/usr/share/code/resources/app/extensions/git/dist/main.js:1:83965)
	at e.fire (/snap/code/32/usr/share/code/resources/app/out/vs/workbench/services/extensions/node/extensionHostProcess.js:46:87)
	at e.updateModelState (/snap/code/32/usr/share/code/resources/app/extensions/git/dist/main.js:1:103179)
> git config --get commit.template
> git status -z -u
> git symbolic-ref --short HEAD
> git rev-parse development
> git rev-parse --symbolic-full-name development@{u}
> git rev-list --left-right development...refs/remotes/origin/development
> git for-each-ref --format %(refname) %(objectname) --sort -committerdate
> git remote --verbose
Failed to watch ref '/home/mahi/Desktop/REVAL_M/.git/refs/remotes/origin/development', is most likely packed.
Error: ENOENT: no such file or directory, watch '/home/mahi/Desktop/REVAL_M/.git/refs/remotes/origin/development'
	at FSWatcher.start (internal/fs/watchers.js:165:26)
	at Object.watch (fs.js:1270:11)
	at Object.t.watch (/snap/code/32/usr/share/code/resources/app/extensions/git/dist/main.js:1:604919)
	at T.updateTransientWatchers (/snap/code/32/usr/share/code/resources/app/extensions/git/dist/main.js:1:83965)
	at e.fire (/snap/code/32/usr/share/code/resources/app/out/vs/workbench/services/extensions/node/extensionHostProcess.js:46:87)
	at e.updateModelState (/snap/code/32/usr/share/code/resources/app/extensions/git/dist/main.js:1:103179)
> git config --get commit.template
> git status -z -u
> git symbolic-ref --short HEAD
> git rev-parse development
> git rev-parse --symbolic-full-name development@{u}
> git rev-list --left-right development...refs/remotes/origin/development
> git for-each-ref --format %(refname) %(objectname) --sort -committerdate
> git remote --verbose
Failed to watch ref '/home/mahi/Desktop/REVAL_M/.git/refs/remotes/origin/development', is most likely packed.
Error: ENOENT: no such file or directory, watch '/home/mahi/Desktop/REVAL_M/.git/refs/remotes/origin/development'
	at FSWatcher.start (internal/fs/watchers.js:165:26)
	at Object.watch (fs.js:1270:11)
	at Object.t.watch (/snap/code/32/usr/share/code/resources/app/extensions/git/dist/main.js:1:604919)
	at T.updateTransientWatchers (/snap/code/32/usr/share/code/resources/app/extensions/git/dist/main.js:1:83965)
	at e.fire (/snap/code/32/usr/share/code/resources/app/out/vs/workbench/services/extensions/node/extensionHostProcess.js:46:87)
	at e.updateModelState (/snap/code/32/usr/share/code/resources/app/extensions/git/dist/main.js:1:103179)
	at runMicrotasks (<anonymous>)
	at processTicksAndRejections (internal/process/task_queues.js:85:5)
> git config --get commit.template
> git status -z -u
> git symbolic-ref --short HEAD
> git rev-parse development
> git rev-parse --symbolic-full-name development@{u}
> git rev-list --left-right development...refs/remotes/origin/development
> git for-each-ref --format %(refname) %(objectname) --sort -committerdate
> git remote --verbose
Failed to watch ref '/home/mahi/Desktop/REVAL_M/.git/refs/remotes/origin/development', is most likely packed.
Error: ENOENT: no such file or directory, watch '/home/mahi/Desktop/REVAL_M/.git/refs/remotes/origin/development'
	at FSWatcher.start (internal/fs/watchers.js:165:26)
	at Object.watch (fs.js:1270:11)
	at Object.t.watch (/snap/code/32/usr/share/code/resources/app/extensions/git/dist/main.js:1:604919)
	at T.updateTransientWatchers (/snap/code/32/usr/share/code/resources/app/extensions/git/dist/main.js:1:83965)
	at e.fire (/snap/code/32/usr/share/code/resources/app/out/vs/workbench/services/extensions/node/extensionHostProcess.js:46:87)
	at e.updateModelState (/snap/code/32/usr/share/code/resources/app/extensions/git/dist/main.js:1:103179)
> git config --get commit.template
> git status -z -u
> git symbolic-ref --short HEAD
> git rev-parse development
> git rev-parse --symbolic-full-name development@{u}
> git rev-list --left-right development...refs/remotes/origin/development
> git for-each-ref --format %(refname) %(objectname) --sort -committerdate
> git remote --verbose
Failed to watch ref '/home/mahi/Desktop/REVAL_M/.git/refs/remotes/origin/development', is most likely packed.
Error: ENOENT: no such file or directory, watch '/home/mahi/Desktop/REVAL_M/.git/refs/remotes/origin/development'
	at FSWatcher.start (internal/fs/watchers.js:165:26)
	at Object.watch (fs.js:1270:11)
	at Object.t.watch (/snap/code/32/usr/share/code/resources/app/extensions/git/dist/main.js:1:604919)
	at T.updateTransientWatchers (/snap/code/32/usr/share/code/resources/app/extensions/git/dist/main.js:1:83965)
	at e.fire (/snap/code/32/usr/share/code/resources/app/out/vs/workbench/services/extensions/node/extensionHostProcess.js:46:87)
	at e.updateModelState (/snap/code/32/usr/share/code/resources/app/extensions/git/dist/main.js:1:103179)
> git config --get commit.template
> git status -z -u
> git symbolic-ref --short HEAD
> git rev-parse development
> git rev-parse --symbolic-full-name development@{u}
> git rev-list --left-right development...refs/remotes/origin/development
> git for-each-ref --format %(refname) %(objectname) --sort -committerdate
> git remote --verbose
Failed to watch ref '/home/mahi/Desktop/REVAL_M/.git/refs/remotes/origin/development', is most likely packed.
Error: ENOENT: no such file or directory, watch '/home/mahi/Desktop/REVAL_M/.git/refs/remotes/origin/development'
	at FSWatcher.start (internal/fs/watchers.js:165:26)
	at Object.watch (fs.js:1270:11)
	at Object.t.watch (/snap/code/32/usr/share/code/resources/app/extensions/git/dist/main.js:1:604919)
	at T.updateTransientWatchers (/snap/code/32/usr/share/code/resources/app/extensions/git/dist/main.js:1:83965)
	at e.fire (/snap/code/32/usr/share/code/resources/app/out/vs/workbench/services/extensions/node/extensionHostProcess.js:46:87)
	at e.updateModelState (/snap/code/32/usr/share/code/resources/app/extensions/git/dist/main.js:1:103179)
> git config --get commit.template
> git status -z -u
> git symbolic-ref --short HEAD
> git rev-parse development
> git rev-parse --symbolic-full-name development@{u}
> git rev-list --left-right development...refs/remotes/origin/development
> git for-each-ref --format %(refname) %(objectname) --sort -committerdate
> git remote --verbose
Failed to watch ref '/home/mahi/Desktop/REVAL_M/.git/refs/remotes/origin/development', is most likely packed.
Error: ENOENT: no such file or directory, watch '/home/mahi/Desktop/REVAL_M/.git/refs/remotes/origin/development'
	at FSWatcher.start (internal/fs/watchers.js:165:26)
	at Object.watch (fs.js:1270:11)
	at Object.t.watch (/snap/code/32/usr/share/code/resources/app/extensions/git/dist/main.js:1:604919)
	at T.updateTransientWatchers (/snap/code/32/usr/share/code/resources/app/extensions/git/dist/main.js:1:83965)
	at e.fire (/snap/code/32/usr/share/code/resources/app/out/vs/workbench/services/extensions/node/extensionHostProcess.js:46:87)
	at e.updateModelState (/snap/code/32/usr/share/code/resources/app/extensions/git/dist/main.js:1:103179)
> git config --get commit.template
> git status -z -u
> git symbolic-ref --short HEAD
> git rev-parse development
> git rev-parse --symbolic-full-name development@{u}
> git rev-list --left-right development...refs/remotes/origin/development
> git for-each-ref --format %(refname) %(objectname) --sort -committerdate
> git remote --verbose
Failed to watch ref '/home/mahi/Desktop/REVAL_M/.git/refs/remotes/origin/development', is most likely packed.
Error: ENOENT: no such file or directory, watch '/home/mahi/Desktop/REVAL_M/.git/refs/remotes/origin/development'
	at FSWatcher.start (internal/fs/watchers.js:165:26)
	at Object.watch (fs.js:1270:11)
	at Object.t.watch (/snap/code/32/usr/share/code/resources/app/extensions/git/dist/main.js:1:604919)
	at T.updateTransientWatchers (/snap/code/32/usr/share/code/resources/app/extensions/git/dist/main.js:1:83965)
	at e.fire (/snap/code/32/usr/share/code/resources/app/out/vs/workbench/services/extensions/node/extensionHostProcess.js:46:87)
	at e.updateModelState (/snap/code/32/usr/share/code/resources/app/extensions/git/dist/main.js:1:103179)
> git config --get commit.template
> git show :src/main/webapp/app/entities/lookup-types/lookup-types-detail.component.html
> git ls-files --stage -- /home/mahi/Desktop/REVAL_M/src/main/webapp/app/entities/lookup-types/lookup-types-detail.component.html
> git cat-file -s 0c291ea068883f9ab6b4b98e6391793769d61229
> git show :src/main/webapp/app/entities/lookup-types/lookup-types-detail.component.ts
> git ls-files --stage -- /home/mahi/Desktop/REVAL_M/src/main/webapp/app/entities/lookup-types/lookup-types-detail.component.ts
> git cat-file -s c9117844f0e0cc2fd3f5ab8d0a14fca46a86f566
> git check-ignore -v -z --stdin
> git show :node_modules/@angular/router/router.d.ts
> git ls-files --stage -- /home/mahi/Desktop/REVAL_M/node_modules/@angular/router/router.d.ts
> git check-ignore -v -z --stdin
> git show :src/main/webapp/app/entities/lookup-types/lookup-types-detail.component.html
> git ls-files --stage -- /home/mahi/Desktop/REVAL_M/src/main/webapp/app/entities/lookup-types/lookup-types-detail.component.html
> git cat-file -s 0c291ea068883f9ab6b4b98e6391793769d61229
> git show :src/main/webapp/app/entities/lookup-types/lookup-types-detail.component.ts
> git ls-files --stage -- /home/mahi/Desktop/REVAL_M/src/main/webapp/app/entities/lookup-types/lookup-types-detail.component.ts
> git cat-file -s c9117844f0e0cc2fd3f5ab8d0a14fca46a86f566
> git check-ignore -v -z --stdin
> git show :node_modules/rxjs/internal/Observable.d.ts
> git ls-files --stage -- /home/mahi/Desktop/REVAL_M/node_modules/rxjs/internal/Observable.d.ts
> git check-ignore -v -z --stdin
> git show :src/main/webapp/app/entities/lookup-types/lookup-types-detail.component.html
> git ls-files --stage -- /home/mahi/Desktop/REVAL_M/src/main/webapp/app/entities/lookup-types/lookup-types-detail.component.html
> git cat-file -s 0c291ea068883f9ab6b4b98e6391793769d61229
> git show :src/main/webapp/app/entities/lookup-types/lookup-types-detail.component.ts
> git ls-files --stage -- /home/mahi/Desktop/REVAL_M/src/main/webapp/app/entities/lookup-types/lookup-types-detail.component.ts
> git cat-file -s c9117844f0e0cc2fd3f5ab8d0a14fca46a86f566
> git show :src/main/webapp/app/entities/lookup-types/lookup-types-detail.component.html
> git ls-files --stage -- /home/mahi/Desktop/REVAL_M/src/main/webapp/app/entities/lookup-types/lookup-types-detail.component.html
> git cat-file -s 0c291ea068883f9ab6b4b98e6391793769d61229
> git show :src/main/webapp/app/entities/lookup-types/lookup-types-detail.component.ts
> git ls-files --stage -- /home/mahi/Desktop/REVAL_M/src/main/webapp/app/entities/lookup-types/lookup-types-detail.component.ts
> git cat-file -s c9117844f0e0cc2fd3f5ab8d0a14fca46a86f566
> git show :src/main/webapp/app/entities/lookup-types/lookups.component.ts
> git ls-files --stage -- /home/mahi/Desktop/REVAL_M/src/main/webapp/app/entities/lookup-types/lookups.component.ts
> git show :src/main/webapp/app/entities/lookup-types/lookup-types-detail.component.ts
> git ls-files --stage -- /home/mahi/Desktop/REVAL_M/src/main/webapp/app/entities/lookup-types/lookup-types-detail.component.ts
> git cat-file -s c9117844f0e0cc2fd3f5ab8d0a14fca46a86f566
> git show :src/main/webapp/app/entities/lookup-types/lookups.component.ts
> git ls-files --stage -- /home/mahi/Desktop/REVAL_M/src/main/webapp/app/entities/lookup-types/lookups.component.ts
> git show :src/main/webapp/app/entities/lookup-types/lookup-types-detail.component.ts
> git ls-files --stage -- /home/mahi/Desktop/REVAL_M/src/main/webapp/app/entities/lookup-types/lookup-types-detail.component.ts
> git cat-file -s c9117844f0e0cc2fd3f5ab8d0a14fca46a86f566
> git show :src/main/webapp/app/entities/lookup-types/lookups.component.ts
> git ls-files --stage -- /home/mahi/Desktop/REVAL_M/src/main/webapp/app/entities/lookup-types/lookups.component.ts
> git show :src/main/webapp/app/entities/lookup-types/lookup-types-detail.component.ts
> git ls-files --stage -- /home/mahi/Desktop/REVAL_M/src/main/webapp/app/entities/lookup-types/lookup-types-detail.component.ts
> git cat-file -s c9117844f0e0cc2fd3f5ab8d0a14fca46a86f566
> git show :src/main/webapp/app/entities/lookup-types/lookups.component.ts
> git ls-files --stage -- /home/mahi/Desktop/REVAL_M/src/main/webapp/app/entities/lookup-types/lookups.component.ts
> git show :src/main/webapp/app/entities/lookup-types/lookup-types-detail.component.ts
> git ls-files --stage -- /home/mahi/Desktop/REVAL_M/src/main/webapp/app/entities/lookup-types/lookup-types-detail.component.ts
> git cat-file -s c9117844f0e0cc2fd3f5ab8d0a14fca46a86f566
> git show :src/main/webapp/app/entities/lookup-types/lookups.component.ts
> git ls-files --stage -- /home/mahi/Desktop/REVAL_M/src/main/webapp/app/entities/lookup-types/lookups.component.ts
> git show :src/main/webapp/app/entities/lookup-types/lookup-types-detail.component.ts
> git ls-files --stage -- /home/mahi/Desktop/REVAL_M/src/main/webapp/app/entities/lookup-types/lookup-types-detail.component.ts
> git cat-file -s c9117844f0e0cc2fd3f5ab8d0a14fca46a86f566
> git show :src/main/webapp/app/entities/lookup-types/lookups.component.ts
> git ls-files --stage -- /home/mahi/Desktop/REVAL_M/src/main/webapp/app/entities/lookup-types/lookups.component.ts
> git show :src/main/webapp/app/entities/lookup-types/lookup-types-detail.component.ts
> git ls-files --stage -- /home/mahi/Desktop/REVAL_M/src/main/webapp/app/entities/lookup-types/lookup-types-detail.component.ts
> git cat-file -s c9117844f0e0cc2fd3f5ab8d0a14fca46a86f566
> git show :src/main/webapp/app/entities/lookup-types/lookups.component.ts
> git ls-files --stage -- /home/mahi/Desktop/REVAL_M/src/main/webapp/app/entities/lookup-types/lookups.component.ts
> git show :src/main/webapp/app/entities/lookup-types/lookup-types-detail.component.ts
> git ls-files --stage -- /home/mahi/Desktop/REVAL_M/src/main/webapp/app/entities/lookup-types/lookup-types-detail.component.ts
> git cat-file -s c9117844f0e0cc2fd3f5ab8d0a14fca46a86f566
> git show :src/main/webapp/app/entities/lookup-types/lookups.component.ts
> git ls-files --stage -- /home/mahi/Desktop/REVAL_M/src/main/webapp/app/entities/lookup-types/lookups.component.ts
> git show :src/main/webapp/app/entities/lookup-types/lookup-types.service.ts
> git ls-files --stage -- /home/mahi/Desktop/REVAL_M/src/main/webapp/app/entities/lookup-types/lookup-types.service.ts
> git cat-file -s 88fddbcef9cecff77151e9046aed144dc35b39d1
> git show :src/main/webapp/app/entities/lookup-types/lookups.component.ts
> git ls-files --stage -- /home/mahi/Desktop/REVAL_M/src/main/webapp/app/entities/lookup-types/lookups.component.ts
> git show :src/main/webapp/app/entities/lookup-types/lookups.service.ts
> git ls-files --stage -- /home/mahi/Desktop/REVAL_M/src/main/webapp/app/entities/lookup-types/lookups.service.ts
> git show :src/main/webapp/app/entities/lookup-types/lookups.component.ts
> git ls-files --stage -- /home/mahi/Desktop/REVAL_M/src/main/webapp/app/entities/lookup-types/lookups.component.ts
> git show :src/main/webapp/app/entities/lookup-types/lookups.service.ts
> git ls-files --stage -- /home/mahi/Desktop/REVAL_M/src/main/webapp/app/entities/lookup-types/lookups.service.ts
> git show :src/main/webapp/app/entities/lookup-types/lookups.component.ts
> git ls-files --stage -- /home/mahi/Desktop/REVAL_M/src/main/webapp/app/entities/lookup-types/lookups.component.ts
> git show :src/main/webapp/app/entities/lookup-types/lookup-types-detail.component.ts
> git ls-files --stage -- /home/mahi/Desktop/REVAL_M/src/main/webapp/app/entities/lookup-types/lookup-types-detail.component.ts
> git cat-file -s c9117844f0e0cc2fd3f5ab8d0a14fca46a86f566
> git show :src/main/webapp/app/entities/lookup-types/lookups.component.ts
> git ls-files --stage -- /home/mahi/Desktop/REVAL_M/src/main/webapp/app/entities/lookup-types/lookups.component.ts
> git show :src/main/webapp/app/entities/lookup-types/lookup-types-detail.component.ts
> git ls-files --stage -- /home/mahi/Desktop/REVAL_M/src/main/webapp/app/entities/lookup-types/lookup-types-detail.component.ts
> git cat-file -s c9117844f0e0cc2fd3f5ab8d0a14fca46a86f566
> git show :src/main/webapp/app/entities/lookup-types/lookup-types-detail.component.html
> git ls-files --stage -- /home/mahi/Desktop/REVAL_M/src/main/webapp/app/entities/lookup-types/lookup-types-detail.component.html
> git cat-file -s 0c291ea068883f9ab6b4b98e6391793769d61229
> git show :src/main/webapp/app/entities/lookup-types/lookups.service.ts
> git ls-files --stage -- /home/mahi/Desktop/REVAL_M/src/main/webapp/app/entities/lookup-types/lookups.service.ts
> git show :src/main/webapp/app/entities/lookup-types/lookup-types-detail.component.html
> git ls-files --stage -- /home/mahi/Desktop/REVAL_M/src/main/webapp/app/entities/lookup-types/lookup-types-detail.component.html
> git cat-file -s 0c291ea068883f9ab6b4b98e6391793769d61229
> git show :src/main/webapp/app/entities/lookup-types/lookup-types-detail.component.ts
> git ls-files --stage -- /home/mahi/Desktop/REVAL_M/src/main/webapp/app/entities/lookup-types/lookup-types-detail.component.ts
> git cat-file -s c9117844f0e0cc2fd3f5ab8d0a14fca46a86f566
> git show :src/main/webapp/app/entities/lookup-types/lookups.service.ts
> git ls-files --stage -- /home/mahi/Desktop/REVAL_M/src/main/webapp/app/entities/lookup-types/lookups.service.ts
> git show :src/main/webapp/app/entities/lookup-types/lookup-types-detail.component.ts
> git ls-files --stage -- /home/mahi/Desktop/REVAL_M/src/main/webapp/app/entities/lookup-types/lookup-types-detail.component.ts
> git cat-file -s c9117844f0e0cc2fd3f5ab8d0a14fca46a86f566
> git show :src/main/webapp/app/entities/lookup-types/lookups.service.ts
> git ls-files --stage -- /home/mahi/Desktop/REVAL_M/src/main/webapp/app/entities/lookup-types/lookups.service.ts
> git show :src/main/webapp/app/entities/lookup-types/lookups.component.ts
> git ls-files --stage -- /home/mahi/Desktop/REVAL_M/src/main/webapp/app/entities/lookup-types/lookups.component.ts
> git show :src/main/webapp/app/entities/lookups/lookups-update.component.html
> git ls-files --stage -- /home/mahi/Desktop/REVAL_M/src/main/webapp/app/entities/lookups/lookups-update.component.html
> git cat-file -s 6c5a078f7e51366828eb20f379793843b258e605
> git check-ignore -v -z --stdin
> git check-ignore -v -z --stdin
> git check-ignore -v -z --stdin
> git check-ignore -v -z --stdin
> git check-ignore -v -z --stdin
> git show :src/main/webapp/app/entities/lookups/lookups.route.ts
> git ls-files --stage -- /home/mahi/Desktop/REVAL_M/src/main/webapp/app/entities/lookups/lookups.route.ts
> git cat-file -s 28cd7bd30f8508fbc0a922f4a973901363bbad2c
> git show :src/main/webapp/app/entities/lookups/lookups-update.component.ts
> git ls-files --stage -- /home/mahi/Desktop/REVAL_M/src/main/webapp/app/entities/lookups/lookups-update.component.ts
> git cat-file -s f31229c24d3dd308b3326d836e2fa4fb0b2b40c4
> git show :src/main/webapp/app/entities/lookups/lookups-update.component.html
> git ls-files --stage -- /home/mahi/Desktop/REVAL_M/src/main/webapp/app/entities/lookups/lookups-update.component.html
> git cat-file -s 6c5a078f7e51366828eb20f379793843b258e605
