Looking for git in: git
Using git 2.17.1 from git
> git rev-parse --show-toplevel
> git rev-parse --git-dir
Open repository: /home/mahi/Desktop/REVAL_M
> git fetch
> git status -z -u
> git symbolic-ref --short HEAD
> git rev-parse development
> git rev-parse --symbolic-full-name development@{u}
> git rev-list --left-right development...refs/remotes/origin/development
> git for-each-ref --format %(refname) %(objectname) --sort -committerdate
> git remote --verbose
Failed to watch ref '/home/mahi/Desktop/REVAL_M/.git/refs/remotes/origin/development', is most likely packed.
Error: ENOENT: no such file or directory, watch '/home/mahi/Desktop/REVAL_M/.git/refs/remotes/origin/development'
	at FSWatcher.start (internal/fs/watchers.js:165:26)
	at Object.watch (fs.js:1270:11)
	at Object.t.watch (/snap/code/31/usr/share/code/resources/app/extensions/git/dist/main.js:1:598268)
	at T.updateTransientWatchers (/snap/code/31/usr/share/code/resources/app/extensions/git/dist/main.js:1:83870)
	at e.fire (/snap/code/31/usr/share/code/resources/app/out/vs/workbench/services/extensions/node/extensionHostProcess.js:48:517)
	at e.updateModelState (/snap/code/31/usr/share/code/resources/app/extensions/git/dist/main.js:1:102740)
> git config --get commit.template
> git check-ignore -v -z --stdin
> git show :src/main/webapp/app/entities/lookups/lookups.component.html
> git ls-files --stage -- /home/mahi/Desktop/REVAL_M/src/main/webapp/app/entities/lookups/lookups.component.html
> git cat-file -s fd45c61e0e54902a8d655c164022047c46cea870
> git ls-files --stage -- /home/mahi/Desktop/REVAL_M/src/main/webapp/app/entities/lookups/lookups.component.html
> git cat-file -s fd45c61e0e54902a8d655c164022047c46cea870
> git show :src/main/webapp/app/entities/lookups/lookups.component.html
Missing or invalid credentials.
Skip silent fetch commands
Missing or invalid credentials.
Skip silent fetch commands
remote: Repository not found.
fatal: Authentication failed for 'https://github.com/Onestart-Solutions/REVAL_M.git/'
> git status -z -u
> git symbolic-ref --short HEAD
> git rev-parse development
> git rev-parse --symbolic-full-name development@{u}
> git rev-list --left-right development...refs/remotes/origin/development
> git for-each-ref --format %(refname) %(objectname) --sort -committerdate
> git remote --verbose
Failed to watch ref '/home/mahi/Desktop/REVAL_M/.git/refs/remotes/origin/development', is most likely packed.
Error: ENOENT: no such file or directory, watch '/home/mahi/Desktop/REVAL_M/.git/refs/remotes/origin/development'
	at FSWatcher.start (internal/fs/watchers.js:165:26)
	at Object.watch (fs.js:1270:11)
	at Object.t.watch (/snap/code/31/usr/share/code/resources/app/extensions/git/dist/main.js:1:598268)
	at T.updateTransientWatchers (/snap/code/31/usr/share/code/resources/app/extensions/git/dist/main.js:1:83870)
	at e.fire (/snap/code/31/usr/share/code/resources/app/out/vs/workbench/services/extensions/node/extensionHostProcess.js:48:517)
	at e.updateModelState (/snap/code/31/usr/share/code/resources/app/extensions/git/dist/main.js:1:102740)
> git config --get commit.template
> git check-ignore -v -z --stdin
> git check-ignore -v -z --stdin
> git status -z -u
> git symbolic-ref --short HEAD
> git rev-parse development
> git rev-parse --symbolic-full-name development@{u}
> git rev-list --left-right development...refs/remotes/origin/development
> git for-each-ref --format %(refname) %(objectname) --sort -committerdate
> git remote --verbose
Failed to watch ref '/home/mahi/Desktop/REVAL_M/.git/refs/remotes/origin/development', is most likely packed.
Error: ENOENT: no such file or directory, watch '/home/mahi/Desktop/REVAL_M/.git/refs/remotes/origin/development'
	at FSWatcher.start (internal/fs/watchers.js:165:26)
	at Object.watch (fs.js:1270:11)
	at Object.t.watch (/snap/code/31/usr/share/code/resources/app/extensions/git/dist/main.js:1:598268)
	at T.updateTransientWatchers (/snap/code/31/usr/share/code/resources/app/extensions/git/dist/main.js:1:83870)
	at e.fire (/snap/code/31/usr/share/code/resources/app/out/vs/workbench/services/extensions/node/extensionHostProcess.js:48:517)
	at e.updateModelState (/snap/code/31/usr/share/code/resources/app/extensions/git/dist/main.js:1:102740)
> git config --get commit.template
> git show :src/main/webapp/app/entities/lookup-types/lookup-types.component.html
> git ls-files --stage -- /home/mahi/Desktop/REVAL_M/src/main/webapp/app/entities/lookup-types/lookup-types.component.html
> git cat-file -s 135534bf1f461ef9938c5a4a7bba1a946dfa69b5
> git status -z -u
> git symbolic-ref --short HEAD
> git rev-parse development
> git rev-parse --symbolic-full-name development@{u}
> git rev-list --left-right development...refs/remotes/origin/development
> git for-each-ref --format %(refname) %(objectname) --sort -committerdate
> git remote --verbose
Failed to watch ref '/home/mahi/Desktop/REVAL_M/.git/refs/remotes/origin/development', is most likely packed.
Error: ENOENT: no such file or directory, watch '/home/mahi/Desktop/REVAL_M/.git/refs/remotes/origin/development'
	at FSWatcher.start (internal/fs/watchers.js:165:26)
	at Object.watch (fs.js:1270:11)
	at Object.t.watch (/snap/code/31/usr/share/code/resources/app/extensions/git/dist/main.js:1:598268)
	at T.updateTransientWatchers (/snap/code/31/usr/share/code/resources/app/extensions/git/dist/main.js:1:83870)
	at e.fire (/snap/code/31/usr/share/code/resources/app/out/vs/workbench/services/extensions/node/extensionHostProcess.js:48:517)
	at e.updateModelState (/snap/code/31/usr/share/code/resources/app/extensions/git/dist/main.js:1:102740)
> git config --get commit.template
> git status -z -u
> git symbolic-ref --short HEAD
> git rev-parse development
> git rev-parse --symbolic-full-name development@{u}
> git rev-list --left-right development...refs/remotes/origin/development
> git for-each-ref --format %(refname) %(objectname) --sort -committerdate
> git remote --verbose
Failed to watch ref '/home/mahi/Desktop/REVAL_M/.git/refs/remotes/origin/development', is most likely packed.
Error: ENOENT: no such file or directory, watch '/home/mahi/Desktop/REVAL_M/.git/refs/remotes/origin/development'
	at FSWatcher.start (internal/fs/watchers.js:165:26)
	at Object.watch (fs.js:1270:11)
	at Object.t.watch (/snap/code/31/usr/share/code/resources/app/extensions/git/dist/main.js:1:598268)
	at T.updateTransientWatchers (/snap/code/31/usr/share/code/resources/app/extensions/git/dist/main.js:1:83870)
	at e.fire (/snap/code/31/usr/share/code/resources/app/out/vs/workbench/services/extensions/node/extensionHostProcess.js:48:517)
	at e.updateModelState (/snap/code/31/usr/share/code/resources/app/extensions/git/dist/main.js:1:102740)
> git config --get commit.template
> git status -z -u
> git symbolic-ref --short HEAD
> git rev-parse development
> git rev-parse --symbolic-full-name development@{u}
> git rev-list --left-right development...refs/remotes/origin/development
> git for-each-ref --format %(refname) %(objectname) --sort -committerdate
> git remote --verbose
Failed to watch ref '/home/mahi/Desktop/REVAL_M/.git/refs/remotes/origin/development', is most likely packed.
Error: ENOENT: no such file or directory, watch '/home/mahi/Desktop/REVAL_M/.git/refs/remotes/origin/development'
	at FSWatcher.start (internal/fs/watchers.js:165:26)
	at Object.watch (fs.js:1270:11)
	at Object.t.watch (/snap/code/31/usr/share/code/resources/app/extensions/git/dist/main.js:1:598268)
	at T.updateTransientWatchers (/snap/code/31/usr/share/code/resources/app/extensions/git/dist/main.js:1:83870)
	at e.fire (/snap/code/31/usr/share/code/resources/app/out/vs/workbench/services/extensions/node/extensionHostProcess.js:48:517)
	at e.updateModelState (/snap/code/31/usr/share/code/resources/app/extensions/git/dist/main.js:1:102740)
> git config --get commit.template
> git status -z -u
> git symbolic-ref --short HEAD
> git rev-parse development
> git rev-parse --symbolic-full-name development@{u}
> git rev-list --left-right development...refs/remotes/origin/development
> git for-each-ref --format %(refname) %(objectname) --sort -committerdate
> git remote --verbose
Failed to watch ref '/home/mahi/Desktop/REVAL_M/.git/refs/remotes/origin/development', is most likely packed.
Error: ENOENT: no such file or directory, watch '/home/mahi/Desktop/REVAL_M/.git/refs/remotes/origin/development'
	at FSWatcher.start (internal/fs/watchers.js:165:26)
	at Object.watch (fs.js:1270:11)
	at Object.t.watch (/snap/code/31/usr/share/code/resources/app/extensions/git/dist/main.js:1:598268)
	at T.updateTransientWatchers (/snap/code/31/usr/share/code/resources/app/extensions/git/dist/main.js:1:83870)
	at e.fire (/snap/code/31/usr/share/code/resources/app/out/vs/workbench/services/extensions/node/extensionHostProcess.js:48:517)
	at e.updateModelState (/snap/code/31/usr/share/code/resources/app/extensions/git/dist/main.js:1:102740)
> git config --get commit.template
> git status -z -u
> git symbolic-ref --short HEAD
> git rev-parse development
> git rev-parse --symbolic-full-name development@{u}
> git rev-list --left-right development...refs/remotes/origin/development
> git for-each-ref --format %(refname) %(objectname) --sort -committerdate
> git remote --verbose
Failed to watch ref '/home/mahi/Desktop/REVAL_M/.git/refs/remotes/origin/development', is most likely packed.
Error: ENOENT: no such file or directory, watch '/home/mahi/Desktop/REVAL_M/.git/refs/remotes/origin/development'
	at FSWatcher.start (internal/fs/watchers.js:165:26)
	at Object.watch (fs.js:1270:11)
	at Object.t.watch (/snap/code/31/usr/share/code/resources/app/extensions/git/dist/main.js:1:598268)
	at T.updateTransientWatchers (/snap/code/31/usr/share/code/resources/app/extensions/git/dist/main.js:1:83870)
	at e.fire (/snap/code/31/usr/share/code/resources/app/out/vs/workbench/services/extensions/node/extensionHostProcess.js:48:517)
	at e.updateModelState (/snap/code/31/usr/share/code/resources/app/extensions/git/dist/main.js:1:102740)
> git config --get commit.template
> git status -z -u
> git symbolic-ref --short HEAD
> git rev-parse development
> git rev-parse --symbolic-full-name development@{u}
> git rev-list --left-right development...refs/remotes/origin/development
> git for-each-ref --format %(refname) %(objectname) --sort -committerdate
> git remote --verbose
Failed to watch ref '/home/mahi/Desktop/REVAL_M/.git/refs/remotes/origin/development', is most likely packed.
Error: ENOENT: no such file or directory, watch '/home/mahi/Desktop/REVAL_M/.git/refs/remotes/origin/development'
	at FSWatcher.start (internal/fs/watchers.js:165:26)
	at Object.watch (fs.js:1270:11)
	at Object.t.watch (/snap/code/31/usr/share/code/resources/app/extensions/git/dist/main.js:1:598268)
	at T.updateTransientWatchers (/snap/code/31/usr/share/code/resources/app/extensions/git/dist/main.js:1:83870)
	at e.fire (/snap/code/31/usr/share/code/resources/app/out/vs/workbench/services/extensions/node/extensionHostProcess.js:48:517)
	at e.updateModelState (/snap/code/31/usr/share/code/resources/app/extensions/git/dist/main.js:1:102740)
> git config --get commit.template
> git status -z -u
> git symbolic-ref --short HEAD
> git rev-parse development
> git rev-parse --symbolic-full-name development@{u}
> git rev-list --left-right development...refs/remotes/origin/development
> git for-each-ref --format %(refname) %(objectname) --sort -committerdate
> git remote --verbose
Failed to watch ref '/home/mahi/Desktop/REVAL_M/.git/refs/remotes/origin/development', is most likely packed.
Error: ENOENT: no such file or directory, watch '/home/mahi/Desktop/REVAL_M/.git/refs/remotes/origin/development'
	at FSWatcher.start (internal/fs/watchers.js:165:26)
	at Object.watch (fs.js:1270:11)
	at Object.t.watch (/snap/code/31/usr/share/code/resources/app/extensions/git/dist/main.js:1:598268)
	at T.updateTransientWatchers (/snap/code/31/usr/share/code/resources/app/extensions/git/dist/main.js:1:83870)
	at e.fire (/snap/code/31/usr/share/code/resources/app/out/vs/workbench/services/extensions/node/extensionHostProcess.js:48:517)
	at e.updateModelState (/snap/code/31/usr/share/code/resources/app/extensions/git/dist/main.js:1:102740)
> git config --get commit.template
> git status -z -u
> git symbolic-ref --short HEAD
> git rev-parse development
> git rev-parse --symbolic-full-name development@{u}
> git rev-list --left-right development...refs/remotes/origin/development
> git for-each-ref --format %(refname) %(objectname) --sort -committerdate
> git remote --verbose
Failed to watch ref '/home/mahi/Desktop/REVAL_M/.git/refs/remotes/origin/development', is most likely packed.
Error: ENOENT: no such file or directory, watch '/home/mahi/Desktop/REVAL_M/.git/refs/remotes/origin/development'
	at FSWatcher.start (internal/fs/watchers.js:165:26)
	at Object.watch (fs.js:1270:11)
	at Object.t.watch (/snap/code/31/usr/share/code/resources/app/extensions/git/dist/main.js:1:598268)
	at T.updateTransientWatchers (/snap/code/31/usr/share/code/resources/app/extensions/git/dist/main.js:1:83870)
	at e.fire (/snap/code/31/usr/share/code/resources/app/out/vs/workbench/services/extensions/node/extensionHostProcess.js:48:517)
	at e.updateModelState (/snap/code/31/usr/share/code/resources/app/extensions/git/dist/main.js:1:102740)
> git config --get commit.template
> git status -z -u
> git symbolic-ref --short HEAD
> git rev-parse development
> git rev-parse --symbolic-full-name development@{u}
> git rev-list --left-right development...refs/remotes/origin/development
> git for-each-ref --format %(refname) %(objectname) --sort -committerdate
> git remote --verbose
Failed to watch ref '/home/mahi/Desktop/REVAL_M/.git/refs/remotes/origin/development', is most likely packed.
Error: ENOENT: no such file or directory, watch '/home/mahi/Desktop/REVAL_M/.git/refs/remotes/origin/development'
	at FSWatcher.start (internal/fs/watchers.js:165:26)
	at Object.watch (fs.js:1270:11)
	at Object.t.watch (/snap/code/31/usr/share/code/resources/app/extensions/git/dist/main.js:1:598268)
	at T.updateTransientWatchers (/snap/code/31/usr/share/code/resources/app/extensions/git/dist/main.js:1:83870)
	at e.fire (/snap/code/31/usr/share/code/resources/app/out/vs/workbench/services/extensions/node/extensionHostProcess.js:48:517)
	at e.updateModelState (/snap/code/31/usr/share/code/resources/app/extensions/git/dist/main.js:1:102740)
> git config --get commit.template
> git status -z -u
> git symbolic-ref --short HEAD
> git rev-parse development
> git rev-parse --symbolic-full-name development@{u}
> git rev-list --left-right development...refs/remotes/origin/development
> git for-each-ref --format %(refname) %(objectname) --sort -committerdate
> git remote --verbose
Failed to watch ref '/home/mahi/Desktop/REVAL_M/.git/refs/remotes/origin/development', is most likely packed.
Error: ENOENT: no such file or directory, watch '/home/mahi/Desktop/REVAL_M/.git/refs/remotes/origin/development'
	at FSWatcher.start (internal/fs/watchers.js:165:26)
	at Object.watch (fs.js:1270:11)
	at Object.t.watch (/snap/code/31/usr/share/code/resources/app/extensions/git/dist/main.js:1:598268)
	at T.updateTransientWatchers (/snap/code/31/usr/share/code/resources/app/extensions/git/dist/main.js:1:83870)
	at e.fire (/snap/code/31/usr/share/code/resources/app/out/vs/workbench/services/extensions/node/extensionHostProcess.js:48:517)
	at e.updateModelState (/snap/code/31/usr/share/code/resources/app/extensions/git/dist/main.js:1:102740)
> git config --get commit.template
> git status -z -u
> git symbolic-ref --short HEAD
> git rev-parse development
> git rev-parse --symbolic-full-name development@{u}
> git rev-list --left-right development...refs/remotes/origin/development
> git for-each-ref --format %(refname) %(objectname) --sort -committerdate
> git remote --verbose
Failed to watch ref '/home/mahi/Desktop/REVAL_M/.git/refs/remotes/origin/development', is most likely packed.
Error: ENOENT: no such file or directory, watch '/home/mahi/Desktop/REVAL_M/.git/refs/remotes/origin/development'
	at FSWatcher.start (internal/fs/watchers.js:165:26)
	at Object.watch (fs.js:1270:11)
	at Object.t.watch (/snap/code/31/usr/share/code/resources/app/extensions/git/dist/main.js:1:598268)
	at T.updateTransientWatchers (/snap/code/31/usr/share/code/resources/app/extensions/git/dist/main.js:1:83870)
	at e.fire (/snap/code/31/usr/share/code/resources/app/out/vs/workbench/services/extensions/node/extensionHostProcess.js:48:517)
	at e.updateModelState (/snap/code/31/usr/share/code/resources/app/extensions/git/dist/main.js:1:102740)
> git config --get commit.template
> git status -z -u
> git symbolic-ref --short HEAD
> git rev-parse development
> git rev-parse --symbolic-full-name development@{u}
> git rev-list --left-right development...refs/remotes/origin/development
> git for-each-ref --format %(refname) %(objectname) --sort -committerdate
> git remote --verbose
Failed to watch ref '/home/mahi/Desktop/REVAL_M/.git/refs/remotes/origin/development', is most likely packed.
Error: ENOENT: no such file or directory, watch '/home/mahi/Desktop/REVAL_M/.git/refs/remotes/origin/development'
	at FSWatcher.start (internal/fs/watchers.js:165:26)
	at Object.watch (fs.js:1270:11)
	at Object.t.watch (/snap/code/31/usr/share/code/resources/app/extensions/git/dist/main.js:1:598268)
	at T.updateTransientWatchers (/snap/code/31/usr/share/code/resources/app/extensions/git/dist/main.js:1:83870)
	at e.fire (/snap/code/31/usr/share/code/resources/app/out/vs/workbench/services/extensions/node/extensionHostProcess.js:48:517)
	at e.updateModelState (/snap/code/31/usr/share/code/resources/app/extensions/git/dist/main.js:1:102740)
> git config --get commit.template
> git status -z -u
> git symbolic-ref --short HEAD
> git rev-parse development
> git rev-parse --symbolic-full-name development@{u}
> git rev-list --left-right development...refs/remotes/origin/development
> git for-each-ref --format %(refname) %(objectname) --sort -committerdate
> git remote --verbose
Failed to watch ref '/home/mahi/Desktop/REVAL_M/.git/refs/remotes/origin/development', is most likely packed.
Error: ENOENT: no such file or directory, watch '/home/mahi/Desktop/REVAL_M/.git/refs/remotes/origin/development'
	at FSWatcher.start (internal/fs/watchers.js:165:26)
	at Object.watch (fs.js:1270:11)
	at Object.t.watch (/snap/code/31/usr/share/code/resources/app/extensions/git/dist/main.js:1:598268)
	at T.updateTransientWatchers (/snap/code/31/usr/share/code/resources/app/extensions/git/dist/main.js:1:83870)
	at e.fire (/snap/code/31/usr/share/code/resources/app/out/vs/workbench/services/extensions/node/extensionHostProcess.js:48:517)
	at e.updateModelState (/snap/code/31/usr/share/code/resources/app/extensions/git/dist/main.js:1:102740)
> git config --get commit.template
> git status -z -u
> git symbolic-ref --short HEAD
> git rev-parse development
> git rev-parse --symbolic-full-name development@{u}
> git rev-list --left-right development...refs/remotes/origin/development
> git for-each-ref --format %(refname) %(objectname) --sort -committerdate
> git remote --verbose
Failed to watch ref '/home/mahi/Desktop/REVAL_M/.git/refs/remotes/origin/development', is most likely packed.
Error: ENOENT: no such file or directory, watch '/home/mahi/Desktop/REVAL_M/.git/refs/remotes/origin/development'
	at FSWatcher.start (internal/fs/watchers.js:165:26)
	at Object.watch (fs.js:1270:11)
	at Object.t.watch (/snap/code/31/usr/share/code/resources/app/extensions/git/dist/main.js:1:598268)
	at T.updateTransientWatchers (/snap/code/31/usr/share/code/resources/app/extensions/git/dist/main.js:1:83870)
	at e.fire (/snap/code/31/usr/share/code/resources/app/out/vs/workbench/services/extensions/node/extensionHostProcess.js:48:517)
	at e.updateModelState (/snap/code/31/usr/share/code/resources/app/extensions/git/dist/main.js:1:102740)
> git config --get commit.template
> git show :src/main/webapp/app/entities/lookup-types/lookup-types.component.ts
> git ls-files --stage -- /home/mahi/Desktop/REVAL_M/src/main/webapp/app/entities/lookup-types/lookup-types.component.ts
> git cat-file -s 4e1390b0cb8a5c2f644630e5bc49ad8bb839e25a
> git status -z -u
> git symbolic-ref --short HEAD
> git rev-parse development
> git rev-parse --symbolic-full-name development@{u}
> git rev-list --left-right development...refs/remotes/origin/development
> git for-each-ref --format %(refname) %(objectname) --sort -committerdate
> git remote --verbose
Failed to watch ref '/home/mahi/Desktop/REVAL_M/.git/refs/remotes/origin/development', is most likely packed.
Error: ENOENT: no such file or directory, watch '/home/mahi/Desktop/REVAL_M/.git/refs/remotes/origin/development'
	at FSWatcher.start (internal/fs/watchers.js:165:26)
	at Object.watch (fs.js:1270:11)
	at Object.t.watch (/snap/code/31/usr/share/code/resources/app/extensions/git/dist/main.js:1:598268)
	at T.updateTransientWatchers (/snap/code/31/usr/share/code/resources/app/extensions/git/dist/main.js:1:83870)
	at e.fire (/snap/code/31/usr/share/code/resources/app/out/vs/workbench/services/extensions/node/extensionHostProcess.js:48:517)
	at e.updateModelState (/snap/code/31/usr/share/code/resources/app/extensions/git/dist/main.js:1:102740)
> git config --get commit.template
> git status -z -u
> git symbolic-ref --short HEAD
> git rev-parse development
> git rev-parse --symbolic-full-name development@{u}
> git rev-list --left-right development...refs/remotes/origin/development
> git for-each-ref --format %(refname) %(objectname) --sort -committerdate
> git remote --verbose
Failed to watch ref '/home/mahi/Desktop/REVAL_M/.git/refs/remotes/origin/development', is most likely packed.
Error: ENOENT: no such file or directory, watch '/home/mahi/Desktop/REVAL_M/.git/refs/remotes/origin/development'
	at FSWatcher.start (internal/fs/watchers.js:165:26)
	at Object.watch (fs.js:1270:11)
	at Object.t.watch (/snap/code/31/usr/share/code/resources/app/extensions/git/dist/main.js:1:598268)
	at T.updateTransientWatchers (/snap/code/31/usr/share/code/resources/app/extensions/git/dist/main.js:1:83870)
	at e.fire (/snap/code/31/usr/share/code/resources/app/out/vs/workbench/services/extensions/node/extensionHostProcess.js:48:517)
	at e.updateModelState (/snap/code/31/usr/share/code/resources/app/extensions/git/dist/main.js:1:102740)
> git config --get commit.template
> git status -z -u
> git symbolic-ref --short HEAD
> git rev-parse development
> git rev-parse --symbolic-full-name development@{u}
> git rev-list --left-right development...refs/remotes/origin/development
> git for-each-ref --format %(refname) %(objectname) --sort -committerdate
> git remote --verbose
Failed to watch ref '/home/mahi/Desktop/REVAL_M/.git/refs/remotes/origin/development', is most likely packed.
Error: ENOENT: no such file or directory, watch '/home/mahi/Desktop/REVAL_M/.git/refs/remotes/origin/development'
	at FSWatcher.start (internal/fs/watchers.js:165:26)
	at Object.watch (fs.js:1270:11)
	at Object.t.watch (/snap/code/31/usr/share/code/resources/app/extensions/git/dist/main.js:1:598268)
	at T.updateTransientWatchers (/snap/code/31/usr/share/code/resources/app/extensions/git/dist/main.js:1:83870)
	at e.fire (/snap/code/31/usr/share/code/resources/app/out/vs/workbench/services/extensions/node/extensionHostProcess.js:48:517)
	at e.updateModelState (/snap/code/31/usr/share/code/resources/app/extensions/git/dist/main.js:1:102740)
> git config --get commit.template
> git status -z -u
> git symbolic-ref --short HEAD
> git rev-parse development
> git rev-parse --symbolic-full-name development@{u}
> git rev-list --left-right development...refs/remotes/origin/development
> git for-each-ref --format %(refname) %(objectname) --sort -committerdate
> git remote --verbose
Failed to watch ref '/home/mahi/Desktop/REVAL_M/.git/refs/remotes/origin/development', is most likely packed.
Error: ENOENT: no such file or directory, watch '/home/mahi/Desktop/REVAL_M/.git/refs/remotes/origin/development'
	at FSWatcher.start (internal/fs/watchers.js:165:26)
	at Object.watch (fs.js:1270:11)
	at Object.t.watch (/snap/code/31/usr/share/code/resources/app/extensions/git/dist/main.js:1:598268)
	at T.updateTransientWatchers (/snap/code/31/usr/share/code/resources/app/extensions/git/dist/main.js:1:83870)
	at e.fire (/snap/code/31/usr/share/code/resources/app/out/vs/workbench/services/extensions/node/extensionHostProcess.js:48:517)
	at e.updateModelState (/snap/code/31/usr/share/code/resources/app/extensions/git/dist/main.js:1:102740)
> git config --get commit.template
> git status -z -u
> git symbolic-ref --short HEAD
> git rev-parse development
> git rev-parse --symbolic-full-name development@{u}
> git rev-list --left-right development...refs/remotes/origin/development
> git for-each-ref --format %(refname) %(objectname) --sort -committerdate
> git remote --verbose
Failed to watch ref '/home/mahi/Desktop/REVAL_M/.git/refs/remotes/origin/development', is most likely packed.
Error: ENOENT: no such file or directory, watch '/home/mahi/Desktop/REVAL_M/.git/refs/remotes/origin/development'
	at FSWatcher.start (internal/fs/watchers.js:165:26)
	at Object.watch (fs.js:1270:11)
	at Object.t.watch (/snap/code/31/usr/share/code/resources/app/extensions/git/dist/main.js:1:598268)
	at T.updateTransientWatchers (/snap/code/31/usr/share/code/resources/app/extensions/git/dist/main.js:1:83870)
	at e.fire (/snap/code/31/usr/share/code/resources/app/out/vs/workbench/services/extensions/node/extensionHostProcess.js:48:517)
	at e.updateModelState (/snap/code/31/usr/share/code/resources/app/extensions/git/dist/main.js:1:102740)
> git config --get commit.template
> git status -z -u
> git symbolic-ref --short HEAD
> git rev-parse development
> git rev-parse --symbolic-full-name development@{u}
> git rev-list --left-right development...refs/remotes/origin/development
> git for-each-ref --format %(refname) %(objectname) --sort -committerdate
> git remote --verbose
Failed to watch ref '/home/mahi/Desktop/REVAL_M/.git/refs/remotes/origin/development', is most likely packed.
Error: ENOENT: no such file or directory, watch '/home/mahi/Desktop/REVAL_M/.git/refs/remotes/origin/development'
	at FSWatcher.start (internal/fs/watchers.js:165:26)
	at Object.watch (fs.js:1270:11)
	at Object.t.watch (/snap/code/31/usr/share/code/resources/app/extensions/git/dist/main.js:1:598268)
	at T.updateTransientWatchers (/snap/code/31/usr/share/code/resources/app/extensions/git/dist/main.js:1:83870)
	at e.fire (/snap/code/31/usr/share/code/resources/app/out/vs/workbench/services/extensions/node/extensionHostProcess.js:48:517)
	at e.updateModelState (/snap/code/31/usr/share/code/resources/app/extensions/git/dist/main.js:1:102740)
> git config --get commit.template
> git status -z -u
> git symbolic-ref --short HEAD
> git rev-parse development
> git rev-parse --symbolic-full-name development@{u}
> git rev-list --left-right development...refs/remotes/origin/development
> git for-each-ref --format %(refname) %(objectname) --sort -committerdate
> git remote --verbose
Failed to watch ref '/home/mahi/Desktop/REVAL_M/.git/refs/remotes/origin/development', is most likely packed.
Error: ENOENT: no such file or directory, watch '/home/mahi/Desktop/REVAL_M/.git/refs/remotes/origin/development'
	at FSWatcher.start (internal/fs/watchers.js:165:26)
	at Object.watch (fs.js:1270:11)
	at Object.t.watch (/snap/code/31/usr/share/code/resources/app/extensions/git/dist/main.js:1:598268)
	at T.updateTransientWatchers (/snap/code/31/usr/share/code/resources/app/extensions/git/dist/main.js:1:83870)
	at e.fire (/snap/code/31/usr/share/code/resources/app/out/vs/workbench/services/extensions/node/extensionHostProcess.js:48:517)
	at e.updateModelState (/snap/code/31/usr/share/code/resources/app/extensions/git/dist/main.js:1:102740)
> git config --get commit.template
> git check-ignore -v -z --stdin
> git show :src/main/webapp/app/entities/lookups/lookups.component.ts
> git ls-files --stage -- /home/mahi/Desktop/REVAL_M/src/main/webapp/app/entities/lookups/lookups.component.ts
> git cat-file -s 2744a52512556500dfcac8869bcaae77eb822f98
> git show :src/main/webapp/app/entities/lookups/lookups.component.html
> git ls-files --stage -- /home/mahi/Desktop/REVAL_M/src/main/webapp/app/entities/lookups/lookups.component.html
> git cat-file -s fd45c61e0e54902a8d655c164022047c46cea870
> git show :src/main/webapp/app/entities/lookups/lookups.module.ts
> git ls-files --stage -- /home/mahi/Desktop/REVAL_M/src/main/webapp/app/entities/lookups/lookups.module.ts
> git cat-file -s a55678932ebaebdfc5e7d79cbf60baf3ca744613
> git show :src/main/webapp/app/entities/lookups/lookups.component.ts
> git ls-files --stage -- /home/mahi/Desktop/REVAL_M/src/main/webapp/app/entities/lookups/lookups.component.ts
> git cat-file -s 2744a52512556500dfcac8869bcaae77eb822f98
> git show :src/main/webapp/app/entities/lookup-types/lookup-types.component.ts
> git ls-files --stage -- /home/mahi/Desktop/REVAL_M/src/main/webapp/app/entities/lookup-types/lookup-types.component.ts
> git cat-file -s 4e1390b0cb8a5c2f644630e5bc49ad8bb839e25a
> git show :src/main/webapp/app/entities/lookup-types/lookup-types.component.html
> git ls-files --stage -- /home/mahi/Desktop/REVAL_M/src/main/webapp/app/entities/lookup-types/lookup-types.component.html
> git cat-file -s 135534bf1f461ef9938c5a4a7bba1a946dfa69b5
> git show :src/main/webapp/app/entities/lookup-types/lookup-types.component.ts
> git ls-files --stage -- /home/mahi/Desktop/REVAL_M/src/main/webapp/app/entities/lookup-types/lookup-types.component.ts
> git cat-file -s 4e1390b0cb8a5c2f644630e5bc49ad8bb839e25a
> git check-ignore -v -z --stdin
> git check-ignore -v -z --stdin
> git show :src/main/webapp/app/app.main.ts
> git ls-files --stage -- /home/mahi/Desktop/REVAL_M/src/main/webapp/app/app.main.ts
> git cat-file -s 96c7b7de01f52fc4e197f9eb2b3eb3201a048826
> git show :src/main/webapp/app/app.constants.ts
> git ls-files --stage -- /home/mahi/Desktop/REVAL_M/src/main/webapp/app/app.constants.ts
> git cat-file -s 4b34b657c80d92be0797d302220a460bf84767f6
> git show :src/main/webapp/app/app-routing.module.ts
> git ls-files --stage -- /home/mahi/Desktop/REVAL_M/src/main/webapp/app/app-routing.module.ts
> git cat-file -s ddcf53e556e6866f6df97fc954a09116abe9f232
> git check-ignore -v -z --stdin
> git show :src/main/webapp/app/entities/entity.module.ts
> git ls-files --stage -- /home/mahi/Desktop/REVAL_M/src/main/webapp/app/entities/entity.module.ts
> git cat-file -s 26cc1cef15df62ecff84095bb398bb7a13e9523a
> git check-ignore -v -z --stdin
> git show :src/main/webapp/app/layouts/coreui/coreui.module.ts
> git ls-files --stage -- /home/mahi/Desktop/REVAL_M/src/main/webapp/app/layouts/coreui/coreui.module.ts
> git cat-file -s 95590ee67e2cbe627e562113b7529f93f16e5d89
> git show :src/main/webapp/app/layouts/coreui/sidebar/sidebar.component.html
> git ls-files --stage -- /home/mahi/Desktop/REVAL_M/src/main/webapp/app/layouts/coreui/sidebar/sidebar.component.html
> git cat-file -s 98a84eca82285ee9535794dca03cda7ec1ed6ab1
> git show :src/main/webapp/app/layouts/coreui/sidebar/sidebar.component.ts
> git ls-files --stage -- /home/mahi/Desktop/REVAL_M/src/main/webapp/app/layouts/coreui/sidebar/sidebar.component.ts
> git cat-file -s 48229c1ace1c2ee74f089accdce743ff5a6c5fb6
> git check-ignore -v -z --stdin
> git show :src/main/webapp/index.html
> git ls-files --stage -- /home/mahi/Desktop/REVAL_M/src/main/webapp/index.html
> git cat-file -s 0eae19389ffd0c4809d06917a93d94c3a007a473
> git check-ignore -v -z --stdin
> git show :src/main/webapp/app/entities/lookups/lookups.component.ts
> git ls-files --stage -- /home/mahi/Desktop/REVAL_M/src/main/webapp/app/entities/lookups/lookups.component.ts
> git cat-file -s 2744a52512556500dfcac8869bcaae77eb822f98
> git show :src/main/webapp/app/entities/lookups/lookups.component.html
> git ls-files --stage -- /home/mahi/Desktop/REVAL_M/src/main/webapp/app/entities/lookups/lookups.component.html
> git cat-file -s fd45c61e0e54902a8d655c164022047c46cea870
> git show :src/main/webapp/app/entities/lookup-types/lookup-types.component.html
> git ls-files --stage -- /home/mahi/Desktop/REVAL_M/src/main/webapp/app/entities/lookup-types/lookup-types.component.html
> git cat-file -s 135534bf1f461ef9938c5a4a7bba1a946dfa69b5
> git show :src/main/webapp/app/entities/lookups/lookups.component.html
> git ls-files --stage -- /home/mahi/Desktop/REVAL_M/src/main/webapp/app/entities/lookups/lookups.component.html
> git cat-file -s fd45c61e0e54902a8d655c164022047c46cea870
> git show :src/main/webapp/app/entities/lookup-types/lookup-types-update.component.html
> git ls-files --stage -- /home/mahi/Desktop/REVAL_M/src/main/webapp/app/entities/lookup-types/lookup-types-update.component.html
> git cat-file -s 8e303dac1aa3f46fa5ff7b05594e7b67ec82057b
> git show :src/main/webapp/app/entities/lookups/lookups.component.html
> git ls-files --stage -- /home/mahi/Desktop/REVAL_M/src/main/webapp/app/entities/lookups/lookups.component.html
> git cat-file -s fd45c61e0e54902a8d655c164022047c46cea870
> git show :src/main/webapp/app/entities/lookups/lookups.component.ts
> git ls-files --stage -- /home/mahi/Desktop/REVAL_M/src/main/webapp/app/entities/lookups/lookups.component.ts
> git cat-file -s 2744a52512556500dfcac8869bcaae77eb822f98
> git show :src/main/webapp/app/entities/lookups/lookups.component.html
> git ls-files --stage -- /home/mahi/Desktop/REVAL_M/src/main/webapp/app/entities/lookups/lookups.component.html
> git cat-file -s fd45c61e0e54902a8d655c164022047c46cea870
> git show :src/main/webapp/app/entities/lookups/lookups.component.ts
> git ls-files --stage -- /home/mahi/Desktop/REVAL_M/src/main/webapp/app/entities/lookups/lookups.component.ts
> git cat-file -s 2744a52512556500dfcac8869bcaae77eb822f98
> git show :src/main/webapp/app/entities/lookups/lookups.component.html
> git ls-files --stage -- /home/mahi/Desktop/REVAL_M/src/main/webapp/app/entities/lookups/lookups.component.html
> git cat-file -s fd45c61e0e54902a8d655c164022047c46cea870
> git show :src/main/webapp/app/entities/lookups/lookups.component.ts
> git ls-files --stage -- /home/mahi/Desktop/REVAL_M/src/main/webapp/app/entities/lookups/lookups.component.ts
> git cat-file -s 2744a52512556500dfcac8869bcaae77eb822f98
> git show :src/main/webapp/app/entities/lookups/lookups.component.html
> git ls-files --stage -- /home/mahi/Desktop/REVAL_M/src/main/webapp/app/entities/lookups/lookups.component.html
> git cat-file -s fd45c61e0e54902a8d655c164022047c46cea870
> git show :src/main/webapp/app/entities/lookups/lookups.component.ts
> git ls-files --stage -- /home/mahi/Desktop/REVAL_M/src/main/webapp/app/entities/lookups/lookups.component.ts
> git cat-file -s 2744a52512556500dfcac8869bcaae77eb822f98
> git show :src/main/webapp/app/entities/lookups/lookups.component.html
> git ls-files --stage -- /home/mahi/Desktop/REVAL_M/src/main/webapp/app/entities/lookups/lookups.component.html
> git cat-file -s fd45c61e0e54902a8d655c164022047c46cea870
> git show :src/main/webapp/app/entities/lookups/lookups.component.ts
> git ls-files --stage -- /home/mahi/Desktop/REVAL_M/src/main/webapp/app/entities/lookups/lookups.component.ts
> git cat-file -s 2744a52512556500dfcac8869bcaae77eb822f98
> git show :src/main/webapp/app/entities/lookups/lookups.component.html
> git ls-files --stage -- /home/mahi/Desktop/REVAL_M/src/main/webapp/app/entities/lookups/lookups.component.html
> git cat-file -s fd45c61e0e54902a8d655c164022047c46cea870
> git show :src/main/webapp/app/entities/lookups/lookups.component.ts
> git ls-files --stage -- /home/mahi/Desktop/REVAL_M/src/main/webapp/app/entities/lookups/lookups.component.ts
> git cat-file -s 2744a52512556500dfcac8869bcaae77eb822f98
> git show :src/main/webapp/app/entities/lookups/lookups.component.html
> git ls-files --stage -- /home/mahi/Desktop/REVAL_M/src/main/webapp/app/entities/lookups/lookups.component.html
> git cat-file -s fd45c61e0e54902a8d655c164022047c46cea870
> git show :src/main/webapp/app/entities/lookup-types/lookup-types-update.component.html
> git ls-files --stage -- /home/mahi/Desktop/REVAL_M/src/main/webapp/app/entities/lookup-types/lookup-types-update.component.html
> git cat-file -s 8e303dac1aa3f46fa5ff7b05594e7b67ec82057b
> git show :src/main/webapp/app/entities/lookups/lookups.component.ts
> git ls-files --stage -- /home/mahi/Desktop/REVAL_M/src/main/webapp/app/entities/lookups/lookups.component.ts
> git cat-file -s 2744a52512556500dfcac8869bcaae77eb822f98
> git show :src/main/webapp/app/entities/lookups/lookups.component.html
> git ls-files --stage -- /home/mahi/Desktop/REVAL_M/src/main/webapp/app/entities/lookups/lookups.component.html
> git cat-file -s fd45c61e0e54902a8d655c164022047c46cea870
> git show :src/main/webapp/app/entities/lookups/lookups.component.ts
> git ls-files --stage -- /home/mahi/Desktop/REVAL_M/src/main/webapp/app/entities/lookups/lookups.component.ts
> git cat-file -s 2744a52512556500dfcac8869bcaae77eb822f98
> git show :src/main/webapp/app/entities/lookups/lookups.component.html
> git ls-files --stage -- /home/mahi/Desktop/REVAL_M/src/main/webapp/app/entities/lookups/lookups.component.html
> git cat-file -s fd45c61e0e54902a8d655c164022047c46cea870
> git show :src/main/webapp/app/entities/lookups/lookups.component.ts
> git ls-files --stage -- /home/mahi/Desktop/REVAL_M/src/main/webapp/app/entities/lookups/lookups.component.ts
> git cat-file -s 2744a52512556500dfcac8869bcaae77eb822f98
> git show :src/main/webapp/app/entities/lookups/lookups.component.html
> git ls-files --stage -- /home/mahi/Desktop/REVAL_M/src/main/webapp/app/entities/lookups/lookups.component.html
> git cat-file -s fd45c61e0e54902a8d655c164022047c46cea870
> git show :src/main/webapp/app/entities/lookups/lookups.component.ts
> git ls-files --stage -- /home/mahi/Desktop/REVAL_M/src/main/webapp/app/entities/lookups/lookups.component.ts
> git cat-file -s 2744a52512556500dfcac8869bcaae77eb822f98
> git show :src/main/webapp/app/entities/lookup-types/lookup-types-update.component.html
> git ls-files --stage -- /home/mahi/Desktop/REVAL_M/src/main/webapp/app/entities/lookup-types/lookup-types-update.component.html
> git cat-file -s 8e303dac1aa3f46fa5ff7b05594e7b67ec82057b
> git show :src/main/webapp/app/entities/lookups/lookups.component.ts
> git ls-files --stage -- /home/mahi/Desktop/REVAL_M/src/main/webapp/app/entities/lookups/lookups.component.ts
> git cat-file -s 2744a52512556500dfcac8869bcaae77eb822f98
> git show :src/main/webapp/app/entities/lookups/lookups.service.ts
> git ls-files --stage -- /home/mahi/Desktop/REVAL_M/src/main/webapp/app/entities/lookups/lookups.service.ts
> git cat-file -s dc93c454d62879442a77c609c4925d0b17e86a2c
> git show :src/main/webapp/app/entities/lookups/lookups.component.html
> git ls-files --stage -- /home/mahi/Desktop/REVAL_M/src/main/webapp/app/entities/lookups/lookups.component.html
> git cat-file -s fd45c61e0e54902a8d655c164022047c46cea870
> git show :src/main/webapp/app/entities/lookups/lookups.component.ts
> git ls-files --stage -- /home/mahi/Desktop/REVAL_M/src/main/webapp/app/entities/lookups/lookups.component.ts
> git cat-file -s 2744a52512556500dfcac8869bcaae77eb822f98
> git show :src/main/webapp/app/entities/lookups/lookups.component.html
> git ls-files --stage -- /home/mahi/Desktop/REVAL_M/src/main/webapp/app/entities/lookups/lookups.component.html
> git cat-file -s fd45c61e0e54902a8d655c164022047c46cea870
> git show :src/main/webapp/app/entities/lookups/lookups.component.ts
> git ls-files --stage -- /home/mahi/Desktop/REVAL_M/src/main/webapp/app/entities/lookups/lookups.component.ts
> git cat-file -s 2744a52512556500dfcac8869bcaae77eb822f98
> git show :src/main/webapp/app/entities/lookups/lookups-update.component.ts
> git ls-files --stage -- /home/mahi/Desktop/REVAL_M/src/main/webapp/app/entities/lookups/lookups-update.component.ts
> git cat-file -s f31229c24d3dd308b3326d836e2fa4fb0b2b40c4
> git show :src/main/webapp/app/entities/lookups/lookups.component.ts
> git ls-files --stage -- /home/mahi/Desktop/REVAL_M/src/main/webapp/app/entities/lookups/lookups.component.ts
> git cat-file -s 2744a52512556500dfcac8869bcaae77eb822f98
> git show :src/main/webapp/app/entities/lookups/lookups.service.ts
> git ls-files --stage -- /home/mahi/Desktop/REVAL_M/src/main/webapp/app/entities/lookups/lookups.service.ts
> git cat-file -s dc93c454d62879442a77c609c4925d0b17e86a2c
> git show :src/main/webapp/app/entities/lookups/lookups.component.ts
> git ls-files --stage -- /home/mahi/Desktop/REVAL_M/src/main/webapp/app/entities/lookups/lookups.component.ts
> git cat-file -s 2744a52512556500dfcac8869bcaae77eb822f98
> git show :src/main/webapp/app/entities/lookups/lookups-detail.component.html
> git ls-files --stage -- /home/mahi/Desktop/REVAL_M/src/main/webapp/app/entities/lookups/lookups-detail.component.html
> git cat-file -s 8ab60852a99cee8c9df04aed30866d534e9c69bd
> git show :src/main/webapp/app/entities/lookups/lookups-detail.component.ts
> git ls-files --stage -- /home/mahi/Desktop/REVAL_M/src/main/webapp/app/entities/lookups/lookups-detail.component.ts
> git cat-file -s be431dde63edcea8220a0c24ae012e26c32df1a7
> git show :src/main/webapp/app/entities/lookups/lookups-update.component.ts
> git ls-files --stage -- /home/mahi/Desktop/REVAL_M/src/main/webapp/app/entities/lookups/lookups-update.component.ts
> git cat-file -s f31229c24d3dd308b3326d836e2fa4fb0b2b40c4
> git show :src/main/webapp/app/entities/lookups/lookups.component.ts
> git ls-files --stage -- /home/mahi/Desktop/REVAL_M/src/main/webapp/app/entities/lookups/lookups.component.ts
> git cat-file -s 2744a52512556500dfcac8869bcaae77eb822f98
> git show :src/main/webapp/app/entities/lookup-types/lookup-types-update.component.ts
> git ls-files --stage -- /home/mahi/Desktop/REVAL_M/src/main/webapp/app/entities/lookup-types/lookup-types-update.component.ts
> git cat-file -s 4b6872afb0d44c3f37553fab00106f1774f2c544
> git show :src/main/webapp/app/entities/lookup-types/lookup-types-detail.component.ts
> git ls-files --stage -- /home/mahi/Desktop/REVAL_M/src/main/webapp/app/entities/lookup-types/lookup-types-detail.component.ts
> git cat-file -s c9117844f0e0cc2fd3f5ab8d0a14fca46a86f566
> git show :src/main/webapp/app/entities/lookup-types/lookup-types-delete-dialog.component.ts
> git ls-files --stage -- /home/mahi/Desktop/REVAL_M/src/main/webapp/app/entities/lookup-types/lookup-types-delete-dialog.component.ts
> git cat-file -s 7cf184bc53a896e10cbb10f02bdd8d320c536a22
> git show :src/main/webapp/app/entities/lookups/lookups.component.ts
> git ls-files --stage -- /home/mahi/Desktop/REVAL_M/src/main/webapp/app/entities/lookups/lookups.component.ts
> git cat-file -s 2744a52512556500dfcac8869bcaae77eb822f98
> git show :src/main/webapp/app/entities/lookups/lookups.service.ts
> git ls-files --stage -- /home/mahi/Desktop/REVAL_M/src/main/webapp/app/entities/lookups/lookups.service.ts
> git cat-file -s dc93c454d62879442a77c609c4925d0b17e86a2c
> git show :src/main/webapp/app/entities/lookups/lookups.component.ts
> git ls-files --stage -- /home/mahi/Desktop/REVAL_M/src/main/webapp/app/entities/lookups/lookups.component.ts
> git cat-file -s 2744a52512556500dfcac8869bcaae77eb822f98
> git show :src/main/webapp/app/entities/lookups/lookups.component.html
> git ls-files --stage -- /home/mahi/Desktop/REVAL_M/src/main/webapp/app/entities/lookups/lookups.component.html
> git cat-file -s fd45c61e0e54902a8d655c164022047c46cea870
> git show :src/main/webapp/app/entities/lookups/lookups.component.ts
> git ls-files --stage -- /home/mahi/Desktop/REVAL_M/src/main/webapp/app/entities/lookups/lookups.component.ts
> git cat-file -s 2744a52512556500dfcac8869bcaae77eb822f98
> git show :src/main/webapp/app/entities/lookups/lookups.service.ts
> git ls-files --stage -- /home/mahi/Desktop/REVAL_M/src/main/webapp/app/entities/lookups/lookups.service.ts
> git cat-file -s dc93c454d62879442a77c609c4925d0b17e86a2c
> git check-ignore -v -z --stdin
> git check-ignore -v -z --stdin
> git check-ignore -v -z --stdin
> git show :src/main/webapp/app/admin/docs/docs.component.ts
> git ls-files --stage -- /home/mahi/Desktop/REVAL_M/src/main/webapp/app/admin/docs/docs.component.ts
> git cat-file -s 8942f1a4594b1a60d6e56d43cbc84dfaeb90305c
> git check-ignore -v -z --stdin
> git show :src/main/webapp/app/admin/configuration/configuration.component.ts
> git ls-files --stage -- /home/mahi/Desktop/REVAL_M/src/main/webapp/app/admin/configuration/configuration.component.ts
> git cat-file -s 679e71abe7de34a20dbbd21b19a103dffd9639b4
> git check-ignore -v -z --stdin
> git check-ignore -v -z --stdin
> git check-ignore -v -z --stdin
> git check-ignore -v -z --stdin
> git check-ignore -v -z --stdin
> git show :src/main/webapp/app/entities/companies/companies.component.ts
> git ls-files --stage -- /home/mahi/Desktop/REVAL_M/src/main/webapp/app/entities/companies/companies.component.ts
> git cat-file -s 7a7eb6958302ca9939eb2be639b03f89fdfd5ce4
> git show :src/main/webapp/app/entities/companies/companies-update.component.ts
> git ls-files --stage -- /home/mahi/Desktop/REVAL_M/src/main/webapp/app/entities/companies/companies-update.component.ts
> git cat-file -s a0435a40312c899ffbddf2ada0a3c58fa260d219
> git show :src/main/webapp/app/entities/companies/companies-detail.component.ts
> git ls-files --stage -- /home/mahi/Desktop/REVAL_M/src/main/webapp/app/entities/companies/companies-detail.component.ts
> git cat-file -s be10685b3f1f201cf2b13e045e4a5254563a6a67
> git show :src/main/webapp/app/entities/companies/companies-delete-dialog.component.ts
> git ls-files --stage -- /home/mahi/Desktop/REVAL_M/src/main/webapp/app/entities/companies/companies-delete-dialog.component.ts
> git cat-file -s 7290410ed7b793aae1636d6a024f81c0b7ece4a5
> git check-ignore -v -z --stdin
> git check-ignore -v -z --stdin
> git show :src/main/webapp/app/entities/orders/orders-delete-dialog.component.ts
> git ls-files --stage -- /home/mahi/Desktop/REVAL_M/src/main/webapp/app/entities/orders/orders-delete-dialog.component.ts
> git cat-file -s 9667e82b69c4d68a5e5a9859991882d0f927ac36
> git show :src/main/webapp/app/entities/orders/orders-update.component.html
> git ls-files --stage -- /home/mahi/Desktop/REVAL_M/src/main/webapp/app/entities/orders/orders-update.component.html
> git cat-file -s a6e04dcdacbfaa19f20da7e14fa9d742b10da2c0
> git show :src/main/webapp/app/entities/orders/orders-update.component.ts
> git ls-files --stage -- /home/mahi/Desktop/REVAL_M/src/main/webapp/app/entities/orders/orders-update.component.ts
> git cat-file -s 4218d0ab569dfb11f9de0b5c05f625b6b205f128
> git show :src/main/webapp/app/entities/orders/orders.component.ts
> git ls-files --stage -- /home/mahi/Desktop/REVAL_M/src/main/webapp/app/entities/orders/orders.component.ts
> git cat-file -s 96ac605be00f2ba0a139b2c958fc1961fe140d10
> git show :src/main/webapp/app/entities/lookups/lookups.component.ts
> git ls-files --stage -- /home/mahi/Desktop/REVAL_M/src/main/webapp/app/entities/lookups/lookups.component.ts
> git cat-file -s 2744a52512556500dfcac8869bcaae77eb822f98
> git show :src/main/webapp/app/entities/lookups/lookups.service.ts
> git ls-files --stage -- /home/mahi/Desktop/REVAL_M/src/main/webapp/app/entities/lookups/lookups.service.ts
> git cat-file -s dc93c454d62879442a77c609c4925d0b17e86a2c
> git show :src/main/webapp/app/entities/lookups/lookups.component.ts
> git ls-files --stage -- /home/mahi/Desktop/REVAL_M/src/main/webapp/app/entities/lookups/lookups.component.ts
> git cat-file -s 2744a52512556500dfcac8869bcaae77eb822f98
> git show :src/main/webapp/app/entities/lookups/lookups.component.html
> git ls-files --stage -- /home/mahi/Desktop/REVAL_M/src/main/webapp/app/entities/lookups/lookups.component.html
> git cat-file -s fd45c61e0e54902a8d655c164022047c46cea870
> git show :src/main/webapp/app/entities/lookups/lookups.component.ts
> git ls-files --stage -- /home/mahi/Desktop/REVAL_M/src/main/webapp/app/entities/lookups/lookups.component.ts
> git cat-file -s 2744a52512556500dfcac8869bcaae77eb822f98
> git show :src/main/webapp/app/entities/lookups/lookups.service.ts
> git ls-files --stage -- /home/mahi/Desktop/REVAL_M/src/main/webapp/app/entities/lookups/lookups.service.ts
> git cat-file -s dc93c454d62879442a77c609c4925d0b17e86a2c
> git show :src/main/webapp/app/entities/lookups/lookups-detail.component.ts
> git ls-files --stage -- /home/mahi/Desktop/REVAL_M/src/main/webapp/app/entities/lookups/lookups-detail.component.ts
> git cat-file -s be431dde63edcea8220a0c24ae012e26c32df1a7
> git show :src/main/webapp/app/entities/lookups/lookups.component.ts
> git ls-files --stage -- /home/mahi/Desktop/REVAL_M/src/main/webapp/app/entities/lookups/lookups.component.ts
> git cat-file -s 2744a52512556500dfcac8869bcaae77eb822f98
> git show :src/main/webapp/app/shared/model/lookups.model.ts
> git ls-files --stage -- /home/mahi/Desktop/REVAL_M/src/main/webapp/app/shared/model/lookups.model.ts
> git cat-file -s 06608a08b4abc240d1660203f61526543e024623
> git check-ignore -v -z --stdin
> git show :src/main/webapp/app/entities/lookups/lookups.component.ts
> git ls-files --stage -- /home/mahi/Desktop/REVAL_M/src/main/webapp/app/entities/lookups/lookups.component.ts
> git cat-file -s 2744a52512556500dfcac8869bcaae77eb822f98
> git check-ignore -v -z --stdin
> git show :src/main/webapp/app/entities/lookups/lookups.service.ts
> git ls-files --stage -- /home/mahi/Desktop/REVAL_M/src/main/webapp/app/entities/lookups/lookups.service.ts
> git cat-file -s dc93c454d62879442a77c609c4925d0b17e86a2c
> git show :src/main/webapp/app/entities/lookups/lookups.component.ts
> git ls-files --stage -- /home/mahi/Desktop/REVAL_M/src/main/webapp/app/entities/lookups/lookups.component.ts
> git cat-file -s 2744a52512556500dfcac8869bcaae77eb822f98
> git show :src/main/webapp/app/entities/lookups/lookups.service.ts
> git ls-files --stage -- /home/mahi/Desktop/REVAL_M/src/main/webapp/app/entities/lookups/lookups.service.ts
> git cat-file -s dc93c454d62879442a77c609c4925d0b17e86a2c
> git show :src/main/webapp/app/entities/lookups/lookups.component.ts
> git ls-files --stage -- /home/mahi/Desktop/REVAL_M/src/main/webapp/app/entities/lookups/lookups.component.ts
> git cat-file -s 2744a52512556500dfcac8869bcaae77eb822f98
> git show :src/main/webapp/app/entities/lookup-types/lookup-types.service.ts
> git ls-files --stage -- /home/mahi/Desktop/REVAL_M/src/main/webapp/app/entities/lookup-types/lookup-types.service.ts
> git cat-file -s 88fddbcef9cecff77151e9046aed144dc35b39d1
> git show :src/main/webapp/app/entities/lookups/lookups.component.ts
> git ls-files --stage -- /home/mahi/Desktop/REVAL_M/src/main/webapp/app/entities/lookups/lookups.component.ts
> git cat-file -s 2744a52512556500dfcac8869bcaae77eb822f98
> git show :src/main/webapp/app/entities/lookups/lookups.component.html
> git ls-files --stage -- /home/mahi/Desktop/REVAL_M/src/main/webapp/app/entities/lookups/lookups.component.html
> git cat-file -s fd45c61e0e54902a8d655c164022047c46cea870
> git show :src/main/webapp/app/entities/lookups/lookups.component.ts
> git ls-files --stage -- /home/mahi/Desktop/REVAL_M/src/main/webapp/app/entities/lookups/lookups.component.ts
> git cat-file -s 2744a52512556500dfcac8869bcaae77eb822f98
> git show :src/main/webapp/app/entities/lookup-types/lookup-types.service.ts
> git ls-files --stage -- /home/mahi/Desktop/REVAL_M/src/main/webapp/app/entities/lookup-types/lookup-types.service.ts
> git cat-file -s 88fddbcef9cecff77151e9046aed144dc35b39d1
> git show :src/main/webapp/app/entities/lookups/lookups.component.ts
> git ls-files --stage -- /home/mahi/Desktop/REVAL_M/src/main/webapp/app/entities/lookups/lookups.component.ts
> git cat-file -s 2744a52512556500dfcac8869bcaae77eb822f98
> git show :src/main/webapp/app/entities/lookup-types/lookup-types.service.ts
> git ls-files --stage -- /home/mahi/Desktop/REVAL_M/src/main/webapp/app/entities/lookup-types/lookup-types.service.ts
> git cat-file -s 88fddbcef9cecff77151e9046aed144dc35b39d1
> git show :src/main/webapp/app/entities/lookups/lookups.component.ts
> git ls-files --stage -- /home/mahi/Desktop/REVAL_M/src/main/webapp/app/entities/lookups/lookups.component.ts
> git cat-file -s 2744a52512556500dfcac8869bcaae77eb822f98
> git show :src/main/webapp/app/entities/lookups/lookups.service.ts
> git ls-files --stage -- /home/mahi/Desktop/REVAL_M/src/main/webapp/app/entities/lookups/lookups.service.ts
> git cat-file -s dc93c454d62879442a77c609c4925d0b17e86a2c
> git show :src/main/webapp/app/entities/lookups/lookups.component.ts
> git ls-files --stage -- /home/mahi/Desktop/REVAL_M/src/main/webapp/app/entities/lookups/lookups.component.ts
> git cat-file -s 2744a52512556500dfcac8869bcaae77eb822f98
> git show :src/main/webapp/app/entities/lookups/lookups.service.ts
> git ls-files --stage -- /home/mahi/Desktop/REVAL_M/src/main/webapp/app/entities/lookups/lookups.service.ts
> git cat-file -s dc93c454d62879442a77c609c4925d0b17e86a2c
> git show :src/main/webapp/app/entities/lookups/lookups.component.ts
> git ls-files --stage -- /home/mahi/Desktop/REVAL_M/src/main/webapp/app/entities/lookups/lookups.component.ts
> git cat-file -s 2744a52512556500dfcac8869bcaae77eb822f98
> git show :src/main/webapp/app/entities/lookups/lookups.component.html
> git ls-files --stage -- /home/mahi/Desktop/REVAL_M/src/main/webapp/app/entities/lookups/lookups.component.html
> git cat-file -s fd45c61e0e54902a8d655c164022047c46cea870
> git show :src/main/webapp/app/entities/lookups/lookups.component.ts
> git ls-files --stage -- /home/mahi/Desktop/REVAL_M/src/main/webapp/app/entities/lookups/lookups.component.ts
> git cat-file -s 2744a52512556500dfcac8869bcaae77eb822f98
> git show :src/main/webapp/app/entities/lookups/lookups.component.html
> git ls-files --stage -- /home/mahi/Desktop/REVAL_M/src/main/webapp/app/entities/lookups/lookups.component.html
> git cat-file -s fd45c61e0e54902a8d655c164022047c46cea870
> git show :src/main/webapp/app/entities/lookups/lookups.component.ts
> git ls-files --stage -- /home/mahi/Desktop/REVAL_M/src/main/webapp/app/entities/lookups/lookups.component.ts
> git cat-file -s 2744a52512556500dfcac8869bcaae77eb822f98
> git show :src/main/webapp/app/entities/lookups/lookups.service.ts
> git ls-files --stage -- /home/mahi/Desktop/REVAL_M/src/main/webapp/app/entities/lookups/lookups.service.ts
> git cat-file -s dc93c454d62879442a77c609c4925d0b17e86a2c
> git show :src/main/webapp/app/entities/lookups/lookups.component.ts
> git ls-files --stage -- /home/mahi/Desktop/REVAL_M/src/main/webapp/app/entities/lookups/lookups.component.ts
> git cat-file -s 2744a52512556500dfcac8869bcaae77eb822f98
> git show :src/main/webapp/app/entities/lookups/lookups.component.html
> git ls-files --stage -- /home/mahi/Desktop/REVAL_M/src/main/webapp/app/entities/lookups/lookups.component.html
> git cat-file -s fd45c61e0e54902a8d655c164022047c46cea870
> git show :src/main/webapp/app/entities/lookups/lookups.component.ts
> git ls-files --stage -- /home/mahi/Desktop/REVAL_M/src/main/webapp/app/entities/lookups/lookups.component.ts
> git cat-file -s 2744a52512556500dfcac8869bcaae77eb822f98
> git show :src/main/webapp/app/entities/lookups/lookups.component.html
> git ls-files --stage -- /home/mahi/Desktop/REVAL_M/src/main/webapp/app/entities/lookups/lookups.component.html
> git cat-file -s fd45c61e0e54902a8d655c164022047c46cea870
> git show :src/main/webapp/app/entities/lookups/lookups.component.ts
> git ls-files --stage -- /home/mahi/Desktop/REVAL_M/src/main/webapp/app/entities/lookups/lookups.component.ts
> git cat-file -s 2744a52512556500dfcac8869bcaae77eb822f98
> git show :src/main/webapp/app/entities/lookups/lookups.service.ts
> git ls-files --stage -- /home/mahi/Desktop/REVAL_M/src/main/webapp/app/entities/lookups/lookups.service.ts
> git cat-file -s dc93c454d62879442a77c609c4925d0b17e86a2c
> git show :src/main/webapp/app/shared/util/request-util.ts
> git ls-files --stage -- /home/mahi/Desktop/REVAL_M/src/main/webapp/app/shared/util/request-util.ts
> git cat-file -s f839fd6c78cf8470c612c26caab7d5b78677a397
> git check-ignore -v -z --stdin
> git show :src/main/webapp/app/entities/lookups/lookups.service.ts
> git ls-files --stage -- /home/mahi/Desktop/REVAL_M/src/main/webapp/app/entities/lookups/lookups.service.ts
> git cat-file -s dc93c454d62879442a77c609c4925d0b17e86a2c
> git show :src/main/webapp/app/entities/lookups/lookups.component.html
> git ls-files --stage -- /home/mahi/Desktop/REVAL_M/src/main/webapp/app/entities/lookups/lookups.component.html
> git cat-file -s fd45c61e0e54902a8d655c164022047c46cea870
> git show :src/main/webapp/app/entities/lookups/lookups.component.ts
> git ls-files --stage -- /home/mahi/Desktop/REVAL_M/src/main/webapp/app/entities/lookups/lookups.component.ts
> git cat-file -s 2744a52512556500dfcac8869bcaae77eb822f98
> git show :src/main/webapp/app/entities/lookups/lookups.component.html
> git ls-files --stage -- /home/mahi/Desktop/REVAL_M/src/main/webapp/app/entities/lookups/lookups.component.html
> git cat-file -s fd45c61e0e54902a8d655c164022047c46cea870
> git show :src/main/webapp/app/entities/lookups/lookups.component.ts
> git ls-files --stage -- /home/mahi/Desktop/REVAL_M/src/main/webapp/app/entities/lookups/lookups.component.ts
> git cat-file -s 2744a52512556500dfcac8869bcaae77eb822f98
> git show :src/main/webapp/app/entities/lookups/lookups.component.html
> git ls-files --stage -- /home/mahi/Desktop/REVAL_M/src/main/webapp/app/entities/lookups/lookups.component.html
> git cat-file -s fd45c61e0e54902a8d655c164022047c46cea870
> git show :src/main/webapp/app/entities/lookups/lookups.component.ts
> git ls-files --stage -- /home/mahi/Desktop/REVAL_M/src/main/webapp/app/entities/lookups/lookups.component.ts
> git cat-file -s 2744a52512556500dfcac8869bcaae77eb822f98
> git show :src/main/webapp/app/entities/lookups/lookups.component.html
> git ls-files --stage -- /home/mahi/Desktop/REVAL_M/src/main/webapp/app/entities/lookups/lookups.component.html
> git cat-file -s fd45c61e0e54902a8d655c164022047c46cea870
> git show :src/main/webapp/app/entities/lookups/lookups.component.ts
> git ls-files --stage -- /home/mahi/Desktop/REVAL_M/src/main/webapp/app/entities/lookups/lookups.component.ts
> git cat-file -s 2744a52512556500dfcac8869bcaae77eb822f98
> git show :src/main/webapp/app/entities/lookups/lookups.component.html
> git ls-files --stage -- /home/mahi/Desktop/REVAL_M/src/main/webapp/app/entities/lookups/lookups.component.html
> git cat-file -s fd45c61e0e54902a8d655c164022047c46cea870
> git show :src/main/webapp/app/entities/lookups/lookups.component.ts
> git ls-files --stage -- /home/mahi/Desktop/REVAL_M/src/main/webapp/app/entities/lookups/lookups.component.ts
> git cat-file -s 2744a52512556500dfcac8869bcaae77eb822f98
> git show :src/main/webapp/app/entities/lookups/lookups.component.html
> git ls-files --stage -- /home/mahi/Desktop/REVAL_M/src/main/webapp/app/entities/lookups/lookups.component.html
> git cat-file -s fd45c61e0e54902a8d655c164022047c46cea870
> git show :src/main/webapp/app/entities/lookups/lookups.component.ts
> git ls-files --stage -- /home/mahi/Desktop/REVAL_M/src/main/webapp/app/entities/lookups/lookups.component.ts
> git cat-file -s 2744a52512556500dfcac8869bcaae77eb822f98
> git show :src/main/webapp/app/entities/lookups/lookups.component.html
> git ls-files --stage -- /home/mahi/Desktop/REVAL_M/src/main/webapp/app/entities/lookups/lookups.component.html
> git cat-file -s fd45c61e0e54902a8d655c164022047c46cea870
> git show :src/main/webapp/app/entities/lookups/lookups.component.ts
> git ls-files --stage -- /home/mahi/Desktop/REVAL_M/src/main/webapp/app/entities/lookups/lookups.component.ts
> git cat-file -s 2744a52512556500dfcac8869bcaae77eb822f98
> git show :src/main/webapp/app/entities/lookups/lookups.component.html
> git ls-files --stage -- /home/mahi/Desktop/REVAL_M/src/main/webapp/app/entities/lookups/lookups.component.html
> git cat-file -s fd45c61e0e54902a8d655c164022047c46cea870
> git show :src/main/webapp/app/entities/lookups/lookups.component.ts
> git ls-files --stage -- /home/mahi/Desktop/REVAL_M/src/main/webapp/app/entities/lookups/lookups.component.ts
> git cat-file -s 2744a52512556500dfcac8869bcaae77eb822f98
> git show :src/main/webapp/app/entities/lookups/lookups.service.ts
> git ls-files --stage -- /home/mahi/Desktop/REVAL_M/src/main/webapp/app/entities/lookups/lookups.service.ts
> git cat-file -s dc93c454d62879442a77c609c4925d0b17e86a2c
> git show :src/main/webapp/app/entities/lookups/lookups.component.ts
> git ls-files --stage -- /home/mahi/Desktop/REVAL_M/src/main/webapp/app/entities/lookups/lookups.component.ts
> git cat-file -s 2744a52512556500dfcac8869bcaae77eb822f98
> git show :src/main/webapp/app/entities/lookups/lookups.component.html
> git ls-files --stage -- /home/mahi/Desktop/REVAL_M/src/main/webapp/app/entities/lookups/lookups.component.html
> git cat-file -s fd45c61e0e54902a8d655c164022047c46cea870
> git show :src/main/webapp/app/entities/lookups/lookups.component.ts
> git ls-files --stage -- /home/mahi/Desktop/REVAL_M/src/main/webapp/app/entities/lookups/lookups.component.ts
> git cat-file -s 2744a52512556500dfcac8869bcaae77eb822f98
> git show :src/main/webapp/app/entities/lookups/lookups.service.ts
> git ls-files --stage -- /home/mahi/Desktop/REVAL_M/src/main/webapp/app/entities/lookups/lookups.service.ts
> git cat-file -s dc93c454d62879442a77c609c4925d0b17e86a2c
> git show :src/main/webapp/app/entities/lookups/lookups.component.ts
> git ls-files --stage -- /home/mahi/Desktop/REVAL_M/src/main/webapp/app/entities/lookups/lookups.component.ts
> git cat-file -s 2744a52512556500dfcac8869bcaae77eb822f98
> git show :src/main/webapp/app/entities/lookups/lookups.component.html
> git ls-files --stage -- /home/mahi/Desktop/REVAL_M/src/main/webapp/app/entities/lookups/lookups.component.html
> git cat-file -s fd45c61e0e54902a8d655c164022047c46cea870
> git show :src/main/webapp/app/entities/lookups/lookups.component.ts
> git ls-files --stage -- /home/mahi/Desktop/REVAL_M/src/main/webapp/app/entities/lookups/lookups.component.ts
> git cat-file -s 2744a52512556500dfcac8869bcaae77eb822f98
> git show :src/main/webapp/app/entities/lookups/lookups-update.component.ts
> git ls-files --stage -- /home/mahi/Desktop/REVAL_M/src/main/webapp/app/entities/lookups/lookups-update.component.ts
> git cat-file -s f31229c24d3dd308b3326d836e2fa4fb0b2b40c4
> git show :src/main/webapp/app/entities/lookups/lookups-delete-dialog.component.ts
> git ls-files --stage -- /home/mahi/Desktop/REVAL_M/src/main/webapp/app/entities/lookups/lookups-delete-dialog.component.ts
> git cat-file -s c659b31cb3c1f7fc804d4ffac983571ef76c3dad
> git show :src/main/webapp/app/entities/lookups/lookups.service.ts
> git ls-files --stage -- /home/mahi/Desktop/REVAL_M/src/main/webapp/app/entities/lookups/lookups.service.ts
> git cat-file -s dc93c454d62879442a77c609c4925d0b17e86a2c
> git show :src/main/webapp/app/entities/lookups/lookups-delete-dialog.component.ts
> git ls-files --stage -- /home/mahi/Desktop/REVAL_M/src/main/webapp/app/entities/lookups/lookups-delete-dialog.component.ts
> git cat-file -s c659b31cb3c1f7fc804d4ffac983571ef76c3dad
> git show :src/main/webapp/app/entities/lookups/lookups-update.component.ts
> git ls-files --stage -- /home/mahi/Desktop/REVAL_M/src/main/webapp/app/entities/lookups/lookups-update.component.ts
> git cat-file -s f31229c24d3dd308b3326d836e2fa4fb0b2b40c4
> git show :src/main/webapp/app/entities/lookups/lookups.component.ts
> git ls-files --stage -- /home/mahi/Desktop/REVAL_M/src/main/webapp/app/entities/lookups/lookups.component.ts
> git cat-file -s 2744a52512556500dfcac8869bcaae77eb822f98
> git show :src/main/webapp/app/entities/lookups/lookups.service.ts
> git ls-files --stage -- /home/mahi/Desktop/REVAL_M/src/main/webapp/app/entities/lookups/lookups.service.ts
> git cat-file -s dc93c454d62879442a77c609c4925d0b17e86a2c
> git show :src/main/webapp/app/entities/lookups/lookups.component.ts
> git ls-files --stage -- /home/mahi/Desktop/REVAL_M/src/main/webapp/app/entities/lookups/lookups.component.ts
> git cat-file -s 2744a52512556500dfcac8869bcaae77eb822f98
> git show :src/main/webapp/app/entities/lookups/lookups.service.ts
> git ls-files --stage -- /home/mahi/Desktop/REVAL_M/src/main/webapp/app/entities/lookups/lookups.service.ts
> git cat-file -s dc93c454d62879442a77c609c4925d0b17e86a2c
> git show :src/main/webapp/app/entities/lookups/lookups.component.ts
> git ls-files --stage -- /home/mahi/Desktop/REVAL_M/src/main/webapp/app/entities/lookups/lookups.component.ts
> git cat-file -s 2744a52512556500dfcac8869bcaae77eb822f98
> git show :src/main/webapp/app/entities/lookups/lookups.component.html
> git ls-files --stage -- /home/mahi/Desktop/REVAL_M/src/main/webapp/app/entities/lookups/lookups.component.html
> git cat-file -s fd45c61e0e54902a8d655c164022047c46cea870
> git show :src/main/webapp/app/entities/lookups/lookups.service.ts
> git ls-files --stage -- /home/mahi/Desktop/REVAL_M/src/main/webapp/app/entities/lookups/lookups.service.ts
> git cat-file -s dc93c454d62879442a77c609c4925d0b17e86a2c
> git show :src/main/webapp/app/entities/lookups/lookups.component.ts
> git ls-files --stage -- /home/mahi/Desktop/REVAL_M/src/main/webapp/app/entities/lookups/lookups.component.ts
> git cat-file -s 2744a52512556500dfcac8869bcaae77eb822f98
> git show :src/main/webapp/app/entities/lookups/lookups.service.ts
> git ls-files --stage -- /home/mahi/Desktop/REVAL_M/src/main/webapp/app/entities/lookups/lookups.service.ts
> git cat-file -s dc93c454d62879442a77c609c4925d0b17e86a2c
> git show :src/main/webapp/app/entities/lookups/lookups.component.ts
> git ls-files --stage -- /home/mahi/Desktop/REVAL_M/src/main/webapp/app/entities/lookups/lookups.component.ts
> git cat-file -s 2744a52512556500dfcac8869bcaae77eb822f98
> git show :src/main/webapp/app/entities/lookups/lookups.component.html
> git ls-files --stage -- /home/mahi/Desktop/REVAL_M/src/main/webapp/app/entities/lookups/lookups.component.html
> git cat-file -s fd45c61e0e54902a8d655c164022047c46cea870
> git check-ignore -v -z --stdin
> git check-ignore -v -z --stdin
> git show :src/main/webapp/app/layouts/coreui/sidebar/sidebar.component.html
> git ls-files --stage -- /home/mahi/Desktop/REVAL_M/src/main/webapp/app/layouts/coreui/sidebar/sidebar.component.html
> git cat-file -s 98a84eca82285ee9535794dca03cda7ec1ed6ab1
> git show :src/main/webapp/app/entities/lookups/lookups-update.component.html
> git ls-files --stage -- /home/mahi/Desktop/REVAL_M/src/main/webapp/app/entities/lookups/lookups-update.component.html
> git cat-file -s 6c5a078f7e51366828eb20f379793843b258e605
> git show :src/main/webapp/app/entities/lookup-types/lookup-types-detail.component.ts
> git ls-files --stage -- /home/mahi/Desktop/REVAL_M/src/main/webapp/app/entities/lookup-types/lookup-types-detail.component.ts
> git cat-file -s c9117844f0e0cc2fd3f5ab8d0a14fca46a86f566
> git show :src/main/webapp/app/entities/lookup-types/lookup-types-delete-dialog.component.ts
> git ls-files --stage -- /home/mahi/Desktop/REVAL_M/src/main/webapp/app/entities/lookup-types/lookup-types-delete-dialog.component.ts
> git cat-file -s 7cf184bc53a896e10cbb10f02bdd8d320c536a22
> git show :src/main/webapp/app/entities/lookup-types/lookup-types-detail.component.html
> git ls-files --stage -- /home/mahi/Desktop/REVAL_M/src/main/webapp/app/entities/lookup-types/lookup-types-detail.component.html
> git cat-file -s 0c291ea068883f9ab6b4b98e6391793769d61229
> git show :src/main/webapp/app/entities/lookups/lookups.component.html
> git ls-files --stage -- /home/mahi/Desktop/REVAL_M/src/main/webapp/app/entities/lookups/lookups.component.html
> git cat-file -s fd45c61e0e54902a8d655c164022047c46cea870
> git show :src/main/webapp/app/entities/lookups/lookups.component.ts
> git ls-files --stage -- /home/mahi/Desktop/REVAL_M/src/main/webapp/app/entities/lookups/lookups.component.ts
> git cat-file -s 2744a52512556500dfcac8869bcaae77eb822f98
> git show :src/main/webapp/app/entities/lookups/lookups.component.html
> git ls-files --stage -- /home/mahi/Desktop/REVAL_M/src/main/webapp/app/entities/lookups/lookups.component.html
> git cat-file -s fd45c61e0e54902a8d655c164022047c46cea870
> git show :src/main/webapp/app/entities/lookups/lookups-update.component.html
> git ls-files --stage -- /home/mahi/Desktop/REVAL_M/src/main/webapp/app/entities/lookups/lookups-update.component.html
> git cat-file -s 6c5a078f7e51366828eb20f379793843b258e605
> git show :src/main/webapp/app/entities/lookups/lookups.component.html
> git ls-files --stage -- /home/mahi/Desktop/REVAL_M/src/main/webapp/app/entities/lookups/lookups.component.html
> git cat-file -s fd45c61e0e54902a8d655c164022047c46cea870
> git show :src/main/webapp/app/entities/lookup-types/lookup-types-detail.component.html
> git ls-files --stage -- /home/mahi/Desktop/REVAL_M/src/main/webapp/app/entities/lookup-types/lookup-types-detail.component.html
> git cat-file -s 0c291ea068883f9ab6b4b98e6391793769d61229
> git show :src/main/webapp/app/entities/lookup-types/lookup-types.module.ts
> git ls-files --stage -- /home/mahi/Desktop/REVAL_M/src/main/webapp/app/entities/lookup-types/lookup-types.module.ts
> git cat-file -s a8a180fee601b3e35a0c12ed075573b67661537c
> git show :src/main/webapp/app/entities/lookup-types/lookup-types.route.ts
> git ls-files --stage -- /home/mahi/Desktop/REVAL_M/src/main/webapp/app/entities/lookup-types/lookup-types.route.ts
> git cat-file -s d3f4cad9d2c2de50739573e5fd29b9167fe51f38
> git show :src/main/webapp/app/entities/lookup-types/lookup-types.module.ts
> git ls-files --stage -- /home/mahi/Desktop/REVAL_M/src/main/webapp/app/entities/lookup-types/lookup-types.module.ts
> git cat-file -s a8a180fee601b3e35a0c12ed075573b67661537c
> git check-ignore -v -z --stdin
> git check-ignore -v -z --stdin
> git show :src/main/webapp/app/entities/lookups/lookups.module.ts
> git ls-files --stage -- /home/mahi/Desktop/REVAL_M/src/main/webapp/app/entities/lookups/lookups.module.ts
> git cat-file -s a55678932ebaebdfc5e7d79cbf60baf3ca744613
> git show :src/main/webapp/app/entities/lookup-types/lookup-types.module.ts
> git ls-files --stage -- /home/mahi/Desktop/REVAL_M/src/main/webapp/app/entities/lookup-types/lookup-types.module.ts
> git cat-file -s a8a180fee601b3e35a0c12ed075573b67661537c
> git show :src/main/webapp/app/entities/lookups/lookups.module.ts
> git ls-files --stage -- /home/mahi/Desktop/REVAL_M/src/main/webapp/app/entities/lookups/lookups.module.ts
> git cat-file -s a55678932ebaebdfc5e7d79cbf60baf3ca744613
> git show :src/main/webapp/app/entities/lookup-types/lookup-types.module.ts
> git ls-files --stage -- /home/mahi/Desktop/REVAL_M/src/main/webapp/app/entities/lookup-types/lookup-types.module.ts
> git cat-file -s a8a180fee601b3e35a0c12ed075573b67661537c
> git show :src/main/webapp/app/entities/lookups/lookups.module.ts
> git ls-files --stage -- /home/mahi/Desktop/REVAL_M/src/main/webapp/app/entities/lookups/lookups.module.ts
> git cat-file -s a55678932ebaebdfc5e7d79cbf60baf3ca744613
> git show :src/main/webapp/app/entities/lookup-types/lookup-types.module.ts
> git ls-files --stage -- /home/mahi/Desktop/REVAL_M/src/main/webapp/app/entities/lookup-types/lookup-types.module.ts
> git cat-file -s a8a180fee601b3e35a0c12ed075573b67661537c
> git show :src/main/webapp/app/entities/lookup-types/lookup-types-detail.component.html
> git ls-files --stage -- /home/mahi/Desktop/REVAL_M/src/main/webapp/app/entities/lookup-types/lookup-types-detail.component.html
> git cat-file -s 0c291ea068883f9ab6b4b98e6391793769d61229
> git show :src/main/webapp/app/layouts/coreui/sidebar/sidebar.component.html
> git ls-files --stage -- /home/mahi/Desktop/REVAL_M/src/main/webapp/app/layouts/coreui/sidebar/sidebar.component.html
> git cat-file -s 98a84eca82285ee9535794dca03cda7ec1ed6ab1
> git show :src/main/webapp/app/entities/lookup-types/lookup-types.module.ts
> git ls-files --stage -- /home/mahi/Desktop/REVAL_M/src/main/webapp/app/entities/lookup-types/lookup-types.module.ts
> git cat-file -s a8a180fee601b3e35a0c12ed075573b67661537c
> git show :src/main/webapp/app/entities/lookup-types/lookup-types-detail.component.html
> git ls-files --stage -- /home/mahi/Desktop/REVAL_M/src/main/webapp/app/entities/lookup-types/lookup-types-detail.component.html
> git cat-file -s 0c291ea068883f9ab6b4b98e6391793769d61229
> git show :src/main/webapp/app/entities/lookup-types/lookup-types.module.ts
> git ls-files --stage -- /home/mahi/Desktop/REVAL_M/src/main/webapp/app/entities/lookup-types/lookup-types.module.ts
> git cat-file -s a8a180fee601b3e35a0c12ed075573b67661537c
