[2020-05-15 07:28:14.815] [exthost] [info] extension host started
[2020-05-15 07:28:14.941] [exthost] [info] ExtensionService#_doActivateExtension vscode.emmet {"startup":false,"extensionId":{"value":"vscode.emmet","_lower":"vscode.emmet"},"activationEvent":"onLanguage:html"}
[2020-05-15 07:28:14.948] [exthost] [info] ExtensionService#loadCommonJSModule file:///snap/code/33/usr/share/code/resources/app/extensions/emmet/dist/extension
[2020-05-15 07:28:14.999] [exthost] [info] ExtensionService#_doActivateExtension vscode.html-language-features {"startup":false,"extensionId":{"value":"vscode.html-language-features","_lower":"vscode.html-language-features"},"activationEvent":"onLanguage:html"}
[2020-05-15 07:28:15.001] [exthost] [info] ExtensionService#loadCommonJSModule file:///snap/code/33/usr/share/code/resources/app/extensions/html-language-features/client/dist/htmlMain
[2020-05-15 07:28:15.067] [exthost] [info] ExtensionService#_doActivateExtension vscode.debug-auto-launch {"startup":true,"extensionId":{"value":"vscode.debug-auto-launch","_lower":"vscode.debug-auto-launch"},"activationEvent":"*"}
[2020-05-15 07:28:15.069] [exthost] [info] ExtensionService#loadCommonJSModule file:///snap/code/33/usr/share/code/resources/app/extensions/debug-auto-launch/dist/extension
[2020-05-15 07:28:15.075] [exthost] [info] ExtensionService#_doActivateExtension vscode.git {"startup":true,"extensionId":{"value":"vscode.git","_lower":"vscode.git"},"activationEvent":"*"}
[2020-05-15 07:28:15.077] [exthost] [info] ExtensionService#loadCommonJSModule file:///snap/code/33/usr/share/code/resources/app/extensions/git/dist/main
[2020-05-15 07:28:15.173] [exthost] [info] ExtensionService#_doActivateExtension vscode.github-authentication {"startup":true,"extensionId":{"value":"vscode.github-authentication","_lower":"vscode.github-authentication"},"activationEvent":"*"}
[2020-05-15 07:28:15.174] [exthost] [info] ExtensionService#loadCommonJSModule file:///snap/code/33/usr/share/code/resources/app/extensions/github-authentication/dist/extension.js
[2020-05-15 07:28:15.199] [exthost] [info] ExtensionService#_doActivateExtension vscode.merge-conflict {"startup":true,"extensionId":{"value":"vscode.merge-conflict","_lower":"vscode.merge-conflict"},"activationEvent":"*"}
[2020-05-15 07:28:15.200] [exthost] [info] ExtensionService#loadCommonJSModule file:///snap/code/33/usr/share/code/resources/app/extensions/merge-conflict/dist/extension
[2020-05-15 07:28:15.208] [exthost] [info] ExtensionService#_doActivateExtension vscode.search-result {"startup":true,"extensionId":{"value":"vscode.search-result","_lower":"vscode.search-result"},"activationEvent":"*"}
[2020-05-15 07:28:15.209] [exthost] [info] ExtensionService#loadCommonJSModule file:///snap/code/33/usr/share/code/resources/app/extensions/search-result/dist/extension.js
[2020-05-15 07:28:15.213] [exthost] [info] ExtensionService#_doActivateExtension vscode.vscode-account {"startup":true,"extensionId":{"value":"vscode.vscode-account","_lower":"vscode.vscode-account"},"activationEvent":"*"}
[2020-05-15 07:28:15.214] [exthost] [info] ExtensionService#loadCommonJSModule file:///snap/code/33/usr/share/code/resources/app/extensions/vscode-account/dist/extension.js
[2020-05-15 07:28:15.246] [exthost] [info] ExtensionService#_doActivateExtension vscode.npm {"startup":true,"extensionId":{"value":"vscode.npm","_lower":"vscode.npm"},"activationEvent":"workspaceContains:package.json"}
[2020-05-15 07:28:15.246] [exthost] [info] ExtensionService#loadCommonJSModule file:///snap/code/33/usr/share/code/resources/app/extensions/npm/dist/main
[2020-05-15 07:28:15.474] [exthost] [info] eager extensions activated
[2020-05-15 07:28:15.967] [exthost] [info] ExtensionService#_doActivateExtension vscode.extension-editing {"startup":false,"extensionId":{"value":"vscode.extension-editing","_lower":"vscode.extension-editing"},"activationEvent":"onLanguage:typescript"}
[2020-05-15 07:28:15.967] [exthost] [info] ExtensionService#loadCommonJSModule file:///snap/code/33/usr/share/code/resources/app/extensions/extension-editing/dist/extension
[2020-05-15 07:28:16.004] [exthost] [info] ExtensionService#_doActivateExtension vscode.typescript-language-features {"startup":false,"extensionId":{"value":"vscode.typescript-language-features","_lower":"vscode.typescript-language-features"},"activationEvent":"onLanguage:typescript"}
[2020-05-15 07:28:16.005] [exthost] [info] ExtensionService#loadCommonJSModule file:///snap/code/33/usr/share/code/resources/app/extensions/typescript-language-features/dist/extension
[2020-05-15 07:28:16.055] [exthost] [info] ExtensionService#_doActivateExtension steoates.autoimport {"startup":false,"extensionId":{"value":"steoates.autoimport","_lower":"steoates.autoimport"},"activationEvent":"onLanguage:typescript"}
[2020-05-15 07:28:16.056] [exthost] [info] ExtensionService#loadCommonJSModule file:///home/mahi/.vscode/extensions/steoates.autoimport-1.5.3/out/src/extension
[2020-05-15 07:28:16.103] [exthost] [info] ExtensionService#_doActivateExtension vscode.configuration-editing {"startup":false,"extensionId":{"value":"vscode.configuration-editing","_lower":"vscode.configuration-editing"},"activationEvent":"onLanguage:json"}
[2020-05-15 07:28:16.104] [exthost] [info] ExtensionService#loadCommonJSModule file:///snap/code/33/usr/share/code/resources/app/extensions/configuration-editing/dist/extension
[2020-05-15 07:28:16.111] [exthost] [info] ExtensionService#_doActivateExtension vscode.json-language-features {"startup":false,"extensionId":{"value":"vscode.json-language-features","_lower":"vscode.json-language-features"},"activationEvent":"onLanguage:json"}
[2020-05-15 07:28:16.113] [exthost] [info] ExtensionService#loadCommonJSModule file:///snap/code/33/usr/share/code/resources/app/extensions/json-language-features/client/dist/jsonMain
