[2020-05-11 07:30:48.017] [exthost] [info] extension host started
[2020-05-11 07:30:48.114] [exthost] [info] ExtensionService#_doActivateExtension vscode.emmet {"startup":false,"extensionId":{"value":"vscode.emmet","_lower":"vscode.emmet"},"activationEvent":"onLanguage:html"}
[2020-05-11 07:30:48.115] [exthost] [info] ExtensionService#loadCommonJSModule file:///snap/code/32/usr/share/code/resources/app/extensions/emmet/dist/extension
[2020-05-11 07:30:48.148] [exthost] [info] ExtensionService#_doActivateExtension vscode.html-language-features {"startup":false,"extensionId":{"value":"vscode.html-language-features","_lower":"vscode.html-language-features"},"activationEvent":"onLanguage:html"}
[2020-05-11 07:30:48.149] [exthost] [info] ExtensionService#loadCommonJSModule file:///snap/code/32/usr/share/code/resources/app/extensions/html-language-features/client/dist/htmlMain
[2020-05-11 07:30:48.200] [exthost] [info] ExtensionService#_doActivateExtension vscode.debug-auto-launch {"startup":true,"extensionId":{"value":"vscode.debug-auto-launch","_lower":"vscode.debug-auto-launch"},"activationEvent":"*"}
[2020-05-11 07:30:48.200] [exthost] [info] ExtensionService#loadCommonJSModule file:///snap/code/32/usr/share/code/resources/app/extensions/debug-auto-launch/dist/extension
[2020-05-11 07:30:48.204] [exthost] [info] ExtensionService#_doActivateExtension vscode.git {"startup":true,"extensionId":{"value":"vscode.git","_lower":"vscode.git"},"activationEvent":"*"}
[2020-05-11 07:30:48.204] [exthost] [info] ExtensionService#loadCommonJSModule file:///snap/code/32/usr/share/code/resources/app/extensions/git/dist/main
[2020-05-11 07:30:48.404] [exthost] [info] ExtensionService#_doActivateExtension vscode.github-authentication {"startup":true,"extensionId":{"value":"vscode.github-authentication","_lower":"vscode.github-authentication"},"activationEvent":"*"}
[2020-05-11 07:30:48.413] [exthost] [info] ExtensionService#loadCommonJSModule file:///snap/code/32/usr/share/code/resources/app/extensions/github-authentication/dist/extension.js
[2020-05-11 07:30:48.467] [exthost] [info] ExtensionService#_doActivateExtension vscode.merge-conflict {"startup":true,"extensionId":{"value":"vscode.merge-conflict","_lower":"vscode.merge-conflict"},"activationEvent":"*"}
[2020-05-11 07:30:48.481] [exthost] [info] ExtensionService#loadCommonJSModule file:///snap/code/32/usr/share/code/resources/app/extensions/merge-conflict/dist/extension
[2020-05-11 07:30:48.486] [exthost] [info] ExtensionService#_doActivateExtension vscode.search-result {"startup":true,"extensionId":{"value":"vscode.search-result","_lower":"vscode.search-result"},"activationEvent":"*"}
[2020-05-11 07:30:48.486] [exthost] [info] ExtensionService#loadCommonJSModule file:///snap/code/32/usr/share/code/resources/app/extensions/search-result/dist/extension.js
[2020-05-11 07:30:48.493] [exthost] [info] ExtensionService#_doActivateExtension vscode.vscode-account {"startup":true,"extensionId":{"value":"vscode.vscode-account","_lower":"vscode.vscode-account"},"activationEvent":"*"}
[2020-05-11 07:30:48.493] [exthost] [info] ExtensionService#loadCommonJSModule file:///snap/code/32/usr/share/code/resources/app/extensions/vscode-account/dist/extension.js
[2020-05-11 07:30:48.532] [exthost] [info] ExtensionService#_doActivateExtension vscode.npm {"startup":true,"extensionId":{"value":"vscode.npm","_lower":"vscode.npm"},"activationEvent":"workspaceContains:package.json"}
[2020-05-11 07:30:48.532] [exthost] [info] ExtensionService#loadCommonJSModule file:///snap/code/32/usr/share/code/resources/app/extensions/npm/dist/main
[2020-05-11 07:30:48.821] [exthost] [info] eager extensions activated
