[2020-05-06 18:30:13.149] [exthost] [info] extension host started
[2020-05-06 18:30:13.314] [exthost] [info] ExtensionService#_doActivateExtension vscode.debug-auto-launch {"startup":true,"extensionId":{"value":"vscode.debug-auto-launch","_lower":"vscode.debug-auto-launch"},"activationEvent":"*"}
[2020-05-06 18:30:13.319] [exthost] [info] ExtensionService#loadCommonJSModule file:///snap/code/31/usr/share/code/resources/app/extensions/debug-auto-launch/dist/extension
[2020-05-06 18:30:13.339] [exthost] [info] ExtensionService#_doActivateExtension vscode.emmet {"startup":true,"extensionId":{"value":"vscode.emmet","_lower":"vscode.emmet"},"activationEvent":"*"}
[2020-05-06 18:30:13.339] [exthost] [info] ExtensionService#loadCommonJSModule file:///snap/code/31/usr/share/code/resources/app/extensions/emmet/dist/extension
[2020-05-06 18:30:13.456] [exthost] [info] ExtensionService#_doActivateExtension vscode.git {"startup":true,"extensionId":{"value":"vscode.git","_lower":"vscode.git"},"activationEvent":"*"}
[2020-05-06 18:30:13.461] [exthost] [info] ExtensionService#loadCommonJSModule file:///snap/code/31/usr/share/code/resources/app/extensions/git/dist/main
[2020-05-06 18:30:13.592] [exthost] [info] ExtensionService#_doActivateExtension vscode.github-authentication {"startup":true,"extensionId":{"value":"vscode.github-authentication","_lower":"vscode.github-authentication"},"activationEvent":"*"}
[2020-05-06 18:30:13.592] [exthost] [info] ExtensionService#loadCommonJSModule file:///snap/code/31/usr/share/code/resources/app/extensions/github-authentication/dist/extension.js
[2020-05-06 18:30:13.602] [exthost] [info] ExtensionService#_doActivateExtension vscode.merge-conflict {"startup":true,"extensionId":{"value":"vscode.merge-conflict","_lower":"vscode.merge-conflict"},"activationEvent":"*"}
[2020-05-06 18:30:13.602] [exthost] [info] ExtensionService#loadCommonJSModule file:///snap/code/31/usr/share/code/resources/app/extensions/merge-conflict/dist/extension
[2020-05-06 18:30:13.614] [exthost] [info] ExtensionService#_doActivateExtension vscode.search-result {"startup":true,"extensionId":{"value":"vscode.search-result","_lower":"vscode.search-result"},"activationEvent":"*"}
[2020-05-06 18:30:13.615] [exthost] [info] ExtensionService#loadCommonJSModule file:///snap/code/31/usr/share/code/resources/app/extensions/search-result/dist/extension.js
[2020-05-06 18:30:13.618] [exthost] [info] ExtensionService#_doActivateExtension vscode.vscode-account {"startup":true,"extensionId":{"value":"vscode.vscode-account","_lower":"vscode.vscode-account"},"activationEvent":"*"}
[2020-05-06 18:30:13.618] [exthost] [info] ExtensionService#loadCommonJSModule file:///snap/code/31/usr/share/code/resources/app/extensions/vscode-account/dist/extension.js
[2020-05-06 18:30:13.647] [exthost] [info] ExtensionService#_doActivateExtension vscode.npm {"startup":true,"extensionId":{"value":"vscode.npm","_lower":"vscode.npm"},"activationEvent":"workspaceContains:package.json"}
[2020-05-06 18:30:13.647] [exthost] [info] ExtensionService#loadCommonJSModule file:///snap/code/31/usr/share/code/resources/app/extensions/npm/dist/main
[2020-05-06 18:30:13.744] [exthost] [info] eager extensions activated
[2020-05-06 18:35:28.162] [exthost] [info] ExtensionService#_doActivateExtension vscode.html-language-features {"startup":false,"extensionId":{"value":"vscode.html-language-features","_lower":"vscode.html-language-features"},"activationEvent":"onLanguage:html"}
[2020-05-06 18:35:28.162] [exthost] [info] ExtensionService#loadCommonJSModule file:///snap/code/31/usr/share/code/resources/app/extensions/html-language-features/client/dist/htmlMain
[2020-05-06 18:51:11.139] [exthost] [info] ExtensionService#_doActivateExtension vscode.configuration-editing {"startup":false,"extensionId":{"value":"vscode.configuration-editing","_lower":"vscode.configuration-editing"},"activationEvent":"onLanguage:jsonc"}
[2020-05-06 18:51:11.139] [exthost] [info] ExtensionService#loadCommonJSModule file:///snap/code/31/usr/share/code/resources/app/extensions/configuration-editing/dist/extension
[2020-05-06 18:51:11.148] [exthost] [info] ExtensionService#_doActivateExtension vscode.json-language-features {"startup":false,"extensionId":{"value":"vscode.json-language-features","_lower":"vscode.json-language-features"},"activationEvent":"onLanguage:jsonc"}
[2020-05-06 18:51:11.148] [exthost] [info] ExtensionService#loadCommonJSModule file:///snap/code/31/usr/share/code/resources/app/extensions/json-language-features/client/dist/jsonMain
[2020-05-06 18:51:11.204] [exthost] [info] ExtensionService#_doActivateExtension vscode.typescript-language-features {"startup":false,"extensionId":{"value":"vscode.typescript-language-features","_lower":"vscode.typescript-language-features"},"activationEvent":"onLanguage:jsonc"}
[2020-05-06 18:51:11.204] [exthost] [info] ExtensionService#loadCommonJSModule file:///snap/code/31/usr/share/code/resources/app/extensions/typescript-language-features/dist/extension
[2020-05-06 18:54:33.149] [exthost] [info] ExtensionService#_doActivateExtension vscode.extension-editing {"startup":false,"extensionId":{"value":"vscode.extension-editing","_lower":"vscode.extension-editing"},"activationEvent":"onLanguage:typescript"}
[2020-05-06 18:54:33.149] [exthost] [info] ExtensionService#loadCommonJSModule file:///snap/code/31/usr/share/code/resources/app/extensions/extension-editing/dist/extension
[2020-05-06 18:54:33.246] [exthost] [info] ExtensionService#_doActivateExtension steoates.autoimport {"startup":false,"extensionId":{"value":"steoates.autoimport","_lower":"steoates.autoimport"},"activationEvent":"onLanguage:typescript"}
[2020-05-06 18:54:33.249] [exthost] [info] ExtensionService#loadCommonJSModule file:///home/mahi/.vscode/extensions/steoates.autoimport-1.5.3/out/src/extension
[2020-05-06 20:10:11.410] [exthost] [info] [vscode.typescript-language-features] UNSAVE result from 'resolveCompletionItem', extension SHOULD NOT change any of: additionalTextEdits, or command
[2020-05-06 20:10:11.537] [exthost] [error] [vscode.typescript-language-features] provider FAILED
[2020-05-06 20:10:11.540] [exthost] [error] Error: busy
	at a._provideSemanticTokens (/snap/code/31/usr/share/code/resources/app/extensions/typescript-language-features/dist/extension.js:1:183890)
[2020-05-06 20:29:13.424] [exthost] [error] [vscode.typescript-language-features] provider FAILED
[2020-05-06 20:29:13.424] [exthost] [error] Error: busy
	at a._provideSemanticTokens (/snap/code/31/usr/share/code/resources/app/extensions/typescript-language-features/dist/extension.js:1:183890)
[2020-05-06 20:29:16.171] [exthost] [error] [vscode.typescript-language-features] provider FAILED
[2020-05-06 20:29:16.171] [exthost] [error] Error: busy
	at a._provideSemanticTokens (/snap/code/31/usr/share/code/resources/app/extensions/typescript-language-features/dist/extension.js:1:183890)
